[2026-02-10 20:54:17] [I] Duration before logging system: 0.0241042s
[2026-02-10 20:54:17] [I] LuaSTG Sub v0.21.111
[2026-02-10 20:54:17] [I] [luastg] 初始化引擎
[2026-02-10 20:54:17] [I] [luastg] 初始化对象池，容量32768
[2026-02-10 20:54:17] [I] [luastg] 初始化luajit引擎
[2026-02-10 20:54:17] [I] [luajit] LuaJIT 2.1.1744887079
[2026-02-10 20:54:17] [I] [luajit] 注册标准库与内置包
[2026-02-10 20:54:17] [I] [luajit] 储存命令行参数
[2026-02-10 20:54:17] [I] [luajit] [0] E:\luastg_dev2\TH_OoDV_LuaSTG_Sub\luastg_aex\Bundle-After-Ex-Plus\game\LuaSTGSub.exe
[2026-02-10 20:54:17] [I] [luastg] 加载初始化脚本
[2026-02-10 20:54:17] [E] [luastg] 找不到文件'launch'
[2026-02-10 20:54:17] [I] [core] System: Windows 10 22H2
[2026-02-10 20:54:17] [I] [core] Kernel: NT OS Kernel 10.0.19041.4648 Kernel32 10.0.19041.4597
[2026-02-10 20:54:17] [I] [core] CPU: Intel(R) Core(TM) i5-8350U CPU @ 1.70GHz
[2026-02-10 20:54:17] [I] [core] High Resolution Waitable Timer available, enable SteadyFrameRateController
[2026-02-10 20:54:17] [I] [core] 系统内存使用情况：
    使用百分比：79%
    总物理内存：7.88 GiB
    剩余物理内存：1.64 GiB
    当前进程可提交内存限制：27.66 GiB
    当前进程剩余的可提交内存：12.88 GiB
    当前进程用户模式内存空间限制*1：131072.00 GiB
    当前进程剩余的用户模式内存空间：131067.85 GiB
        *1 此项反映此程序实际上能用的最大内存，在 32 位应用程序上此项一般为 2 GB，修改 Windows 操作系统注册表后可能为 1 到 3 GB
[2026-02-10 20:54:17] [E] [luastg] 系统调用出错：(HRESULT = 0x80070057) 参数错误。
[2026-02-10 20:54:17] [E] [core] DwmSetWindowAttribute -> DWMWCP_DEFAULT 调用失败
[2026-02-10 20:54:18] [I] [core] 开始创建图形组件
[2026-02-10 20:54:18] [I] [core] 开始创建基本 DXGI 组件
[2026-02-10 20:54:18] [I] [core] DXGI 组件功能支持：
    立即刷新：支持
[2026-02-10 20:54:18] [I] [core] 枚举所有图形设备
[2026-02-10 20:54:18] [I] [core] 图形设备[0]：
    设备名称：Intel(R) UHD Graphics 620
    Direct3D 功能级别：12.1
    设备类型：硬件设备
    专用显存：128.00 MiB
    专用内存：0 B
    共享内存：3.94 GiB
    供应商 ID：0x00008086
    设备 ID：0x00005917
    子系统 ID：0x08231028
    修订号：0x00000007
    设备 LUID：00000000-0001A39A
[2026-02-10 20:54:18] [I] [core] 图形设备[0] - 显示输出设备[0]：
    连接状态：已连接
    显示区域：(0, 0) (1920 x 1080)
    旋转：无
    硬件表面合成：无
[2026-02-10 20:54:18] [I] [core] 图形设备[1]：
    设备名称：Microsoft Basic Render Driver
    Direct3D 功能级别：12.1
    设备类型：软件设备（警告：软件或远程设备性能不足流畅运行程序）
    专用显存：0 B
    专用内存：0 B
    共享内存：3.94 GiB
    供应商 ID：0x00001414
    设备 ID：0x0000008C
    子系统 ID：0x00000000
    修订号：0x00000000
    设备 LUID：00000000-0001A7DF
[2026-02-10 20:54:18] [I] [core] 已选择图形设备：Intel(R) UHD Graphics 620
[2026-02-10 20:54:18] [I] [core] 已创建基本 DXGI 组件
[2026-02-10 20:54:18] [I] [core] 开始创建基本 Direct3D 11 组件
[2026-02-10 20:54:18] [I] [core] Direct3D 11 设备功能支持：
    Direct3D 功能级别：12.1
    R8G8B8A8 格式：
        用于顶点缓冲区：支持
        创建二维纹理：支持
        创建立方体纹理：支持
        着色器采样：支持
        创建多级渐进纹理：支持
        自动生成多级渐进纹理：支持
        绑定为渲染目标：支持
        像素颜色混合操作：支持
        绑定为深度、模板缓冲区：不支持
        被 CPU 锁定、读取：支持
        解析多重采样：支持
        用于显示输出：支持
        创建多重采样渲染目标：支持
        像素颜色逻辑混合操作：不支持
        资源可分块：支持
        资源可共享：支持
        多平面叠加：不支持
    R8G8B8A8 sRGB 格式：
        用于顶点缓冲区：不支持
        创建二维纹理：支持
        创建立方体纹理：支持
        着色器采样：支持
        创建多级渐进纹理：支持
        自动生成多级渐进纹理：支持
        绑定为渲染目标：支持
        像素颜色混合操作：支持
        绑定为深度、模板缓冲区：不支持
        被 CPU 锁定、读取：支持
        解析多重采样：支持
        用于显示输出：支持
        创建多重采样渲染目标：支持
        像素颜色逻辑混合操作：不支持
        资源可分块：支持
        资源可共享：支持
        多平面叠加：不支持
    B8G8R8A8 格式：
        用于顶点缓冲区：支持
        创建二维纹理：支持
        创建立方体纹理：支持
        着色器采样：支持
        创建多级渐进纹理：支持
        自动生成多级渐进纹理：支持
        绑定为渲染目标：支持
        像素颜色混合操作：支持
        绑定为深度、模板缓冲区：不支持
        被 CPU 锁定、读取：支持
        解析多重采样：支持
        用于显示输出：支持
        创建多重采样渲染目标：支持
        像素颜色逻辑混合操作：不支持
        资源可分块：支持
        资源可共享：支持
        多平面叠加：不支持
    B8G8R8A8 sRGB 格式：
        用于顶点缓冲区：不支持
        创建二维纹理：支持
        创建立方体纹理：支持
        着色器采样：支持
        创建多级渐进纹理：支持
        自动生成多级渐进纹理：支持
        绑定为渲染目标：支持
        像素颜色混合操作：支持
        绑定为深度、模板缓冲区：不支持
        被 CPU 锁定、读取：支持
        解析多重采样：支持
        用于显示输出：支持
        创建多重采样渲染目标：支持
        像素颜色逻辑混合操作：不支持
        资源可分块：支持
        资源可共享：支持
        多平面叠加：不支持
    D24 S8 格式：
        用于顶点缓冲区：不支持
        创建二维纹理：支持
        创建立方体纹理：支持
        着色器采样：不支持
        创建多级渐进纹理：支持
        自动生成多级渐进纹理：不支持
        绑定为渲染目标：不支持
        像素颜色混合操作：不支持
        绑定为深度、模板缓冲区：支持
        被 CPU 锁定、读取：支持
        解析多重采样：不支持
        用于显示输出：不支持
        创建多重采样渲染目标：支持
        像素颜色逻辑混合操作：不支持
        资源可分块：不支持
        资源可共享：不支持
        多平面叠加：不支持
    最大二维纹理尺寸：16384x16384
    多线程架构：异步资源创建
    渲染架构：Immediate Mode Rendering (IMR)
    统一内存架构（UMA）：支持
[2026-02-10 20:54:18] [I] [core] 图形设备[0] - 显示输出设备[0]：
    连接状态：已连接
    显示区域：(0, 0) (1920 x 1080)
    旋转：无
    多平面叠加：不支持
    多平面叠加功能：无
    硬件表面合成：无
[2026-02-10 20:54:18] [I] [core] 已创建基本 Direct3D 11 组件
[2026-02-10 20:54:18] [I] [core] 已创建图形组件
[2026-02-10 20:54:18] [I] [core] Graphics Device: Intel(R) UHD Graphics 620
    Direct Flip Support: true
    Independent Flip Support: true
    Present Allow Tearing: true
[2026-02-10 20:54:18] [I] [core] 开始创建渲染器
[2026-02-10 20:54:18] [I] [core] 已创建渲染器
[2026-02-10 20:54:18] [I] [luastg] 成功创建了 0 个控制器
[2026-02-10 20:54:18] [I] [core] Display Output: Intel(R) UHD Graphics 620 -> \\.\DISPLAY1
    Overlays Support: false
    Multi Plane Overlay:
        Support: true
        Max Planes: 1
        Max RGB Planes: 1
        Max YUV Planes: 1
        Overlay Capabilities:
            Rotation: false
            Rotation Without Independent Flip: false
            Vertical Flip: false
            Horizontal Flip: false
            Stretch RGB: false
            Stretch YUV: false
            Bilinear Filter: false
            High Filter: false
            Shared: false
            Immediate: false
            Plane 0 For Virtual Mode Only: false
            Version 3 DDI Support: true
        Max Stretch Factor: 0.00x
        Max Shrink Factor: 0.00x
    Hardware Composition:
        Fullscreen: false
        Windowed: false
        Cursor Stretched: false
[2026-02-10 20:54:18] [I] [core] 开始创建 SwapChain
[2026-02-10 20:54:18] [I] [core] 已创建 SwapChain：
    显示模式：640x480@桌面刷新率
    独占全屏：禁用
    交换链模式：快速交换模式
    立即刷新：启用
    低延迟呈现：启用
[2026-02-10 20:54:18] [I] [luastg] 加载入口点脚本
[2026-02-10 20:54:18] [I] [luastg] 加载脚本'lib/Lapi.lua'
[2026-02-10 20:54:18] [I] [luastg] 加载脚本'lib/Lkeycode.lua'
[2026-02-10 20:54:18] [I] [luastg] 加载脚本'lib/Llog.lua'
[2026-02-10 20:54:18] [I] [luastg] 加载脚本'lib/Lglobal.lua'
[2026-02-10 20:54:18] [I] [luastg] 加载脚本'lib/Lmath.lua'
[2026-02-10 20:54:18] [I] [luastg] 加载脚本'plus/plus.lua'
[2026-02-10 20:54:18] [I] [luastg] 加载脚本'plus/Utility.lua'
[2026-02-10 20:54:18] [I] [luastg] 加载脚本'plus/NativeAPI.lua'
[2026-02-10 20:54:18] [I] [luastg] 加载脚本'plus/IO.lua'
[2026-02-10 20:54:18] [I] [luastg] 加载脚本'plus/Replay.lua'
[2026-02-10 20:54:18] [I] [luastg] 加载脚本'lib/Lobject.lua'
[2026-02-10 20:54:18] [I] [luastg] 加载脚本'lib/Lresources.lua'
[2026-02-10 20:54:18] [I] [luastg] 加载脚本'lib/Lscreen.lua'
[2026-02-10 20:54:18] [I] [luastg] CreateRenderTarget: 已创建渲染目标和深度缓冲区 'rt:screen-white' (64x64) (global)
[2026-02-10 20:54:18] [I] [luastg] CreateSprite: 已从纹理 'rt:screen-white' 创建图片精灵 'img:screen-white' (global)
[2026-02-10 20:54:18] [I] [luastg] 加载脚本'lib/Linput.lua'
[2026-02-10 20:54:18] [I] [luastg] 加载脚本'lib/Lstage.lua'
[2026-02-10 20:54:18] [I] [luastg] 已清空资源池 'stage'
[2026-02-10 20:54:18] [I] [luastg] 加载脚本'lib/Ltext.lua'
[2026-02-10 20:54:18] [I] [luastg] 加载脚本'lib/Lplugin.lua'
[2026-02-10 20:54:18] [I] [lua] add scene 'DefaultScene' to scene manager
[2026-02-10 20:54:18] [I] [lua] next scene: DefaultScene
[2026-02-10 20:54:18] [I] [luastg] 加载脚本'core.lua'
[2026-02-10 20:54:18] [I] [luastg] 初始化完成
[2026-02-10 20:54:18] [I] Duration of initialization: 0.9592425s
[2026-02-10 20:54:18] [I] [luastg] 开始更新&渲染循环
[2026-02-10 20:54:18] [I] [luastg] 加载脚本'launcher.lua'
[2026-02-10 20:54:18] [I] [luastg] 读取文本文件'packages/thlib-scripts/assets/lang/en_us/metadata.json'
[2026-02-10 20:54:18] [I] [luastg] 读取文本文件'packages/thlib-scripts/assets/lang/en_us/launcher.json'
[2026-02-10 20:54:18] [I] [luastg] 读取文本文件'packages/thlib-scripts/assets/lang/zh_cn/metadata.json'
[2026-02-10 20:54:18] [I] [luastg] 读取文本文件'packages/thlib-scripts/assets/lang/zh_cn/launcher.json'
[2026-02-10 20:54:18] [I] [luastg] 加载脚本'lib/ui.lua'
[2026-02-10 20:54:18] [I] [lua] add scene 'LauncherScene' to scene manager
[2026-02-10 20:54:18] [I] [lua] next scene: LauncherScene
[2026-02-10 20:54:18] [I] [lua] add scene 'LauncherLoadingScene' to scene manager
[2026-02-10 20:54:18] [I] [lua] data storage file 'userdata/save/launcher/User.json' does not exist
[2026-02-10 20:54:18] [I] [luastg] LoadTTFFont: 已从 'assets/font/SourceHanSansCN-Bold.otf' 加载矢量字体 'ttf:menu-font' (stage)
[2026-02-10 20:54:18] [I] [luastg] CreateRenderTarget: 已创建渲染目标和深度缓冲区 'rt:menu-white' (64x64) (stage)
[2026-02-10 20:54:18] [I] [luastg] CreateSprite: 已从纹理 'rt:menu-white' 创建图片精灵 'img:menu-white' (stage)
[2026-02-10 20:54:21] [I] [lua] next scene: LauncherLoadingScene
[2026-02-10 20:54:21] [I] [luastg] 加载脚本'root.lua'
[2026-02-10 20:54:21] [I] [luastg] 加载脚本'THlib.lua'
[2026-02-10 20:54:21] [I] [luastg] 加载脚本'plugins/collider-shape-debugger/index.lua'
[2026-02-10 20:54:21] [I] [luastg] 加载脚本'THlib/THlib.lua'
[2026-02-10 20:54:21] [I] [luastg] 加载脚本'THlib/ex.lua'
[2026-02-10 20:54:21] [I] [luastg] 加载脚本'THlib/WalkImageSystem.lua'
[2026-02-10 20:54:21] [I] [luastg] 加载脚本'THlib/DNHWalkImageSystem.lua'
[2026-02-10 20:54:21] [I] [luastg] 加载脚本'THlib/DNHRenderObject.lua'
[2026-02-10 20:54:21] [I] [luastg] 加载脚本'THlib/resourcesRedirect.lua'
[2026-02-10 20:54:21] [I] [luastg] 加载脚本'THlib/misc/misc.lua'
[2026-02-10 20:54:21] [E] [core] 无法加载文件 'THlib/misc/misc.png'
[2026-02-10 20:54:21] [E] [luastg] 从 'THlib/misc/misc.png' 创建纹理 'misc' 失败
[2026-02-10 20:54:21] [E] [luajit] 调用全局函数'FrameFunc'时出错：[string "THlib/misc/misc.lua"]:411: can't load texture from file 'THlib/misc/misc.png'.
stack traceback:
	[C]: in function 'LoadTexture'
	[string "THlib/misc/misc.lua"]:411: in main chunk
	[C]: in function 'DoFile'
	[string "lib/Lresources.lua"]:25: in function 'Include'
	[string "THlib/THlib.lua"]:14: in main chunk
	[C]: in function 'DoFile'
	[string "lib/Lresources.lua"]:25: in function 'Include'
	[string "THlib.lua"]:5: in main chunk
	[C]: in function 'DoFile'
	[string "lib/Lresources.lua"]:25: in function 'Include'
	[string "root.lua"]:1: in main chunk
	[C]: in function 'DoFile'
	[string "lib/Lresources.lua"]:25: in function 'Include'
	[string "launcher.lua"]:1685: in function 'onCreate'
	[string "foundation/SceneManager.lua"]:61: in function 'update'
	[string "foundation/MainLoop.lua"]:14: in function <[string "foundation/MainLoop.lua"]:12>
[2026-02-10 20:54:34] [I] [luastg] 结束更新&渲染循环
