[2026-02-10 21:45:26] [I] Duration before logging system: 0.0215383s
[2026-02-10 21:45:26] [I] LuaSTG Sub v0.21.111
[2026-02-10 21:45:26] [I] [luastg] 初始化引擎
[2026-02-10 21:45:26] [I] [luastg] 初始化对象池，容量32768
[2026-02-10 21:45:26] [I] [luastg] 初始化luajit引擎
[2026-02-10 21:45:26] [I] [luajit] LuaJIT 2.1.1744887079
[2026-02-10 21:45:26] [I] [luajit] 注册标准库与内置包
[2026-02-10 21:45:26] [I] [luajit] 储存命令行参数
[2026-02-10 21:45:26] [I] [luajit] [0] E:\luastg_dev2\TH_OoDV_LuaSTG_Sub\luastg_aex\Bundle-After-Ex-Plus\game\LuaSTGSub.exe
[2026-02-10 21:45:26] [I] [luastg] 加载初始化脚本
[2026-02-10 21:45:26] [E] [luastg] 找不到文件'launch'
[2026-02-10 21:45:26] [I] [core] System: Windows 10 22H2
[2026-02-10 21:45:26] [I] [core] Kernel: NT OS Kernel 10.0.19041.4648 Kernel32 10.0.19041.4597
[2026-02-10 21:45:26] [I] [core] CPU: Intel(R) Core(TM) i5-8350U CPU @ 1.70GHz
[2026-02-10 21:45:26] [I] [core] High Resolution Waitable Timer available, enable SteadyFrameRateController
[2026-02-10 21:45:26] [I] [core] 系统内存使用情况：
    使用百分比：86%
    总物理内存：7.88 GiB
    剩余物理内存：1.03 GiB
    当前进程可提交内存限制：27.66 GiB
    当前进程剩余的可提交内存：11.11 GiB
    当前进程用户模式内存空间限制*1：131072.00 GiB
    当前进程剩余的用户模式内存空间：131067.85 GiB
        *1 此项反映此程序实际上能用的最大内存，在 32 位应用程序上此项一般为 2 GB，修改 Windows 操作系统注册表后可能为 1 到 3 GB
[2026-02-10 21:45:26] [E] [luastg] 系统调用出错：(HRESULT = 0x80070057) 参数错误。
[2026-02-10 21:45:26] [E] [core] DwmSetWindowAttribute -> DWMWCP_DEFAULT 调用失败
[2026-02-10 21:45:26] [I] [core] 开始创建图形组件
[2026-02-10 21:45:26] [I] [core] 开始创建基本 DXGI 组件
[2026-02-10 21:45:26] [I] [core] DXGI 组件功能支持：
    立即刷新：支持
[2026-02-10 21:45:26] [I] [core] 枚举所有图形设备
[2026-02-10 21:45:26] [I] [core] 图形设备[0]：
    设备名称：Intel(R) UHD Graphics 620
    Direct3D 功能级别：12.1
    设备类型：硬件设备
    专用显存：128.00 MiB
    专用内存：0 B
    共享内存：3.94 GiB
    供应商 ID：0x00008086
    设备 ID：0x00005917
    子系统 ID：0x08231028
    修订号：0x00000007
    设备 LUID：00000000-0001A39A
[2026-02-10 21:45:26] [I] [core] 图形设备[0] - 显示输出设备[0]：
    连接状态：已连接
    显示区域：(0, 0) (1920 x 1080)
    旋转：无
    硬件表面合成：无
[2026-02-10 21:45:26] [I] [core] 图形设备[1]：
    设备名称：Microsoft Basic Render Driver
    Direct3D 功能级别：12.1
    设备类型：软件设备（警告：软件或远程设备性能不足流畅运行程序）
    专用显存：0 B
    专用内存：0 B
    共享内存：3.94 GiB
    供应商 ID：0x00001414
    设备 ID：0x0000008C
    子系统 ID：0x00000000
    修订号：0x00000000
    设备 LUID：00000000-0001A7DF
[2026-02-10 21:45:26] [I] [core] 已选择图形设备：Intel(R) UHD Graphics 620
[2026-02-10 21:45:26] [I] [core] 已创建基本 DXGI 组件
[2026-02-10 21:45:26] [I] [core] 开始创建基本 Direct3D 11 组件
[2026-02-10 21:45:26] [I] [core] Direct3D 11 设备功能支持：
    Direct3D 功能级别：12.1
    R8G8B8A8 格式：
        用于顶点缓冲区：支持
        创建二维纹理：支持
        创建立方体纹理：支持
        着色器采样：支持
        创建多级渐进纹理：支持
        自动生成多级渐进纹理：支持
        绑定为渲染目标：支持
        像素颜色混合操作：支持
        绑定为深度、模板缓冲区：不支持
        被 CPU 锁定、读取：支持
        解析多重采样：支持
        用于显示输出：支持
        创建多重采样渲染目标：支持
        像素颜色逻辑混合操作：不支持
        资源可分块：支持
        资源可共享：支持
        多平面叠加：不支持
    R8G8B8A8 sRGB 格式：
        用于顶点缓冲区：不支持
        创建二维纹理：支持
        创建立方体纹理：支持
        着色器采样：支持
        创建多级渐进纹理：支持
        自动生成多级渐进纹理：支持
        绑定为渲染目标：支持
        像素颜色混合操作：支持
        绑定为深度、模板缓冲区：不支持
        被 CPU 锁定、读取：支持
        解析多重采样：支持
        用于显示输出：支持
        创建多重采样渲染目标：支持
        像素颜色逻辑混合操作：不支持
        资源可分块：支持
        资源可共享：支持
        多平面叠加：不支持
    B8G8R8A8 格式：
        用于顶点缓冲区：支持
        创建二维纹理：支持
        创建立方体纹理：支持
        着色器采样：支持
        创建多级渐进纹理：支持
        自动生成多级渐进纹理：支持
        绑定为渲染目标：支持
        像素颜色混合操作：支持
        绑定为深度、模板缓冲区：不支持
        被 CPU 锁定、读取：支持
        解析多重采样：支持
        用于显示输出：支持
        创建多重采样渲染目标：支持
        像素颜色逻辑混合操作：不支持
        资源可分块：支持
        资源可共享：支持
        多平面叠加：不支持
    B8G8R8A8 sRGB 格式：
        用于顶点缓冲区：不支持
        创建二维纹理：支持
        创建立方体纹理：支持
        着色器采样：支持
        创建多级渐进纹理：支持
        自动生成多级渐进纹理：支持
        绑定为渲染目标：支持
        像素颜色混合操作：支持
        绑定为深度、模板缓冲区：不支持
        被 CPU 锁定、读取：支持
        解析多重采样：支持
        用于显示输出：支持
        创建多重采样渲染目标：支持
        像素颜色逻辑混合操作：不支持
        资源可分块：支持
        资源可共享：支持
        多平面叠加：不支持
    D24 S8 格式：
        用于顶点缓冲区：不支持
        创建二维纹理：支持
        创建立方体纹理：支持
        着色器采样：不支持
        创建多级渐进纹理：支持
        自动生成多级渐进纹理：不支持
        绑定为渲染目标：不支持
        像素颜色混合操作：不支持
        绑定为深度、模板缓冲区：支持
        被 CPU 锁定、读取：支持
        解析多重采样：不支持
        用于显示输出：不支持
        创建多重采样渲染目标：支持
        像素颜色逻辑混合操作：不支持
        资源可分块：不支持
        资源可共享：不支持
        多平面叠加：不支持
    最大二维纹理尺寸：16384x16384
    多线程架构：异步资源创建
    渲染架构：Immediate Mode Rendering (IMR)
    统一内存架构（UMA）：支持
[2026-02-10 21:45:26] [I] [core] 图形设备[0] - 显示输出设备[0]：
    连接状态：已连接
    显示区域：(0, 0) (1920 x 1080)
    旋转：无
    多平面叠加：不支持
    多平面叠加功能：无
    硬件表面合成：无
[2026-02-10 21:45:26] [I] [core] 已创建基本 Direct3D 11 组件
[2026-02-10 21:45:26] [I] [core] 已创建图形组件
[2026-02-10 21:45:26] [I] [core] Graphics Device: Intel(R) UHD Graphics 620
    Direct Flip Support: true
    Independent Flip Support: true
    Present Allow Tearing: true
[2026-02-10 21:45:26] [I] [core] 开始创建渲染器
[2026-02-10 21:45:26] [I] [core] 已创建渲染器
[2026-02-10 21:45:26] [I] [luastg] 成功创建了 0 个控制器
[2026-02-10 21:45:26] [I] [core] Display Output: Intel(R) UHD Graphics 620 -> \\.\DISPLAY1
    Overlays Support: false
    Multi Plane Overlay:
        Support: true
        Max Planes: 1
        Max RGB Planes: 1
        Max YUV Planes: 1
        Overlay Capabilities:
            Rotation: false
            Rotation Without Independent Flip: false
            Vertical Flip: false
            Horizontal Flip: false
            Stretch RGB: false
            Stretch YUV: false
            Bilinear Filter: false
            High Filter: false
            Shared: false
            Immediate: false
            Plane 0 For Virtual Mode Only: false
            Version 3 DDI Support: true
        Max Stretch Factor: 0.00x
        Max Shrink Factor: 0.00x
    Hardware Composition:
        Fullscreen: false
        Windowed: false
        Cursor Stretched: false
[2026-02-10 21:45:26] [I] [core] 开始创建 SwapChain
[2026-02-10 21:45:26] [I] [core] 已创建 SwapChain：
    显示模式：640x480@桌面刷新率
    独占全屏：禁用
    交换链模式：快速交换模式
    立即刷新：启用
    低延迟呈现：启用
[2026-02-10 21:45:26] [I] [luastg] 加载入口点脚本
[2026-02-10 21:45:26] [I] [luastg] 加载脚本'lib/Lapi.lua'
[2026-02-10 21:45:26] [I] [luastg] 加载脚本'lib/Lkeycode.lua'
[2026-02-10 21:45:26] [I] [luastg] 加载脚本'lib/Llog.lua'
[2026-02-10 21:45:26] [I] [luastg] 加载脚本'lib/Lglobal.lua'
[2026-02-10 21:45:26] [I] [luastg] 加载脚本'lib/Lmath.lua'
[2026-02-10 21:45:26] [I] [luastg] 加载脚本'plus/plus.lua'
[2026-02-10 21:45:26] [I] [luastg] 加载脚本'plus/Utility.lua'
[2026-02-10 21:45:26] [I] [luastg] 加载脚本'plus/NativeAPI.lua'
[2026-02-10 21:45:26] [I] [luastg] 加载脚本'plus/IO.lua'
[2026-02-10 21:45:26] [I] [luastg] 加载脚本'plus/Replay.lua'
[2026-02-10 21:45:26] [I] [luastg] 加载脚本'lib/Lobject.lua'
[2026-02-10 21:45:26] [I] [luastg] 加载脚本'lib/Lresources.lua'
[2026-02-10 21:45:26] [I] [luastg] 加载脚本'lib/Lscreen.lua'
[2026-02-10 21:45:26] [I] [luastg] CreateRenderTarget: 已创建渲染目标和深度缓冲区 'rt:screen-white' (64x64) (global)
[2026-02-10 21:45:26] [I] [luastg] CreateSprite: 已从纹理 'rt:screen-white' 创建图片精灵 'img:screen-white' (global)
[2026-02-10 21:45:26] [I] [luastg] 加载脚本'lib/Linput.lua'
[2026-02-10 21:45:26] [I] [luastg] 加载脚本'lib/Lstage.lua'
[2026-02-10 21:45:27] [I] [luastg] 已清空资源池 'stage'
[2026-02-10 21:45:27] [I] [luastg] 加载脚本'lib/Ltext.lua'
[2026-02-10 21:45:27] [I] [luastg] 加载脚本'lib/Lplugin.lua'
[2026-02-10 21:45:27] [I] [lua] add scene 'DefaultScene' to scene manager
[2026-02-10 21:45:27] [I] [lua] next scene: DefaultScene
[2026-02-10 21:45:27] [I] [luastg] 加载脚本'core.lua'
[2026-02-10 21:45:27] [I] [luastg] 初始化完成
[2026-02-10 21:45:27] [I] Duration of initialization: 0.9805535s
[2026-02-10 21:45:27] [I] [luastg] 开始更新&渲染循环
[2026-02-10 21:45:27] [I] [luastg] 加载脚本'launcher.lua'
[2026-02-10 21:45:27] [I] [luastg] 读取文本文件'packages/thlib-scripts/assets/lang/en_us/metadata.json'
[2026-02-10 21:45:27] [I] [luastg] 读取文本文件'packages/thlib-scripts/assets/lang/en_us/launcher.json'
[2026-02-10 21:45:27] [I] [luastg] 读取文本文件'packages/thlib-scripts/assets/lang/zh_cn/metadata.json'
[2026-02-10 21:45:27] [I] [luastg] 读取文本文件'packages/thlib-scripts/assets/lang/zh_cn/launcher.json'
[2026-02-10 21:45:27] [I] [luastg] 加载脚本'lib/ui.lua'
[2026-02-10 21:45:27] [I] [lua] add scene 'LauncherScene' to scene manager
[2026-02-10 21:45:27] [I] [lua] next scene: LauncherScene
[2026-02-10 21:45:27] [I] [lua] add scene 'LauncherLoadingScene' to scene manager
[2026-02-10 21:45:27] [I] [lua] data storage file 'userdata/save/launcher/User.json' does not exist
[2026-02-10 21:45:27] [I] [luastg] LoadTTFFont: 已从 'assets/font/SourceHanSansCN-Bold.otf' 加载矢量字体 'ttf:menu-font' (stage)
[2026-02-10 21:45:27] [I] [luastg] CreateRenderTarget: 已创建渲染目标和深度缓冲区 'rt:menu-white' (64x64) (stage)
[2026-02-10 21:45:27] [I] [luastg] CreateSprite: 已从纹理 'rt:menu-white' 创建图片精灵 'img:menu-white' (stage)
[2026-02-10 21:45:27] [I] [luastg] LoadSoundEffect: 已从 'THlib/se/se_select00.wav' 加载音效 'se:menu-select' (stage)
[2026-02-10 21:45:27] [I] [luastg] LoadSoundEffect: 已从 'THlib/se/se_ok00.wav' 加载音效 'se:menu-confirm' (stage)
[2026-02-10 21:45:27] [I] [luastg] LoadSoundEffect: 已从 'THlib/se/se_cancel00.wav' 加载音效 'se:menu-cancel' (stage)
[2026-02-10 21:45:30] [I] [lua] next scene: LauncherLoadingScene
[2026-02-10 21:45:30] [I] [luastg] 加载脚本'root.lua'
[2026-02-10 21:45:30] [I] [luastg] 加载脚本'THlib.lua'
[2026-02-10 21:45:30] [I] [luastg] 加载脚本'plugins/collider-shape-debugger/index.lua'
[2026-02-10 21:45:30] [I] [luastg] 加载脚本'THlib/THlib.lua'
[2026-02-10 21:45:30] [I] [luastg] 加载脚本'THlib/ex.lua'
[2026-02-10 21:45:30] [I] [luastg] 加载脚本'THlib/WalkImageSystem.lua'
[2026-02-10 21:45:30] [I] [luastg] 加载脚本'THlib/DNHWalkImageSystem.lua'
[2026-02-10 21:45:30] [I] [luastg] 加载脚本'THlib/DNHRenderObject.lua'
[2026-02-10 21:45:30] [I] [luastg] 加载脚本'THlib/resourcesRedirect.lua'
[2026-02-10 21:45:30] [I] [luastg] 加载脚本'THlib/misc/misc.lua'
[2026-02-10 21:45:30] [I] [luastg] LoadTexture: 已从 'THlib/misc/misc.png' 加载纹理 'misc' (global)
[2026-02-10 21:45:30] [I] [luastg] CreateSprite: 已从纹理 'misc' 创建图片精灵 'player_aura' (global)
[2026-02-10 21:45:30] [I] [luastg] CreateSprite: 已从纹理 'misc' 创建图片精灵 'bubble1' (global)
[2026-02-10 21:45:30] [I] [luastg] CreateSprite: 已从纹理 'misc' 创建图片精灵 'bubble2' (global)
[2026-02-10 21:45:30] [I] [luastg] CreateSprite: 已从纹理 'misc' 创建图片精灵 'bubble3' (global)
[2026-02-10 21:45:30] [I] [luastg] CreateSprite: 已从纹理 'misc' 创建图片精灵 'bubble4' (global)
[2026-02-10 21:45:30] [I] [luastg] CreateSprite: 已从纹理 'misc' 创建图片精灵 'border' (global)
[2026-02-10 21:45:30] [I] [luastg] CreateSprite: 已从纹理 'misc' 创建图片精灵 'leaf' (global)
[2026-02-10 21:45:30] [I] [luastg] CreateSprite: 已从纹理 'misc' 创建图片精灵 'white' (global)
[2026-02-10 21:45:30] [I] [luastg] LoadTexture: 已从 'THlib/misc/particles.png' 加载纹理 'particles' (global)
[2026-02-10 21:45:30] [I] [luastg] CreateSprite: 已从纹理 'particles' 创建图片精灵 'parimg1' (global)
[2026-02-10 21:45:30] [I] [luastg] CreateSprite: 已从纹理 'particles' 创建图片精灵 'parimg2' (global)
[2026-02-10 21:45:30] [I] [luastg] CreateSprite: 已从纹理 'particles' 创建图片精灵 'parimg3' (global)
[2026-02-10 21:45:30] [I] [luastg] CreateSprite: 已从纹理 'particles' 创建图片精灵 'parimg4' (global)
[2026-02-10 21:45:30] [I] [luastg] CreateSprite: 已从纹理 'particles' 创建图片精灵 'parimg5' (global)
[2026-02-10 21:45:30] [I] [luastg] CreateSprite: 已从纹理 'particles' 创建图片精灵 'parimg6' (global)
[2026-02-10 21:45:30] [I] [luastg] CreateSprite: 已从纹理 'particles' 创建图片精灵 'parimg7' (global)
[2026-02-10 21:45:30] [I] [luastg] CreateSprite: 已从纹理 'particles' 创建图片精灵 'parimg8' (global)
[2026-02-10 21:45:30] [I] [luastg] CreateSprite: 已从纹理 'particles' 创建图片精灵 'parimg9' (global)
[2026-02-10 21:45:30] [I] [luastg] CreateSprite: 已从纹理 'particles' 创建图片精灵 'parimg10' (global)
[2026-02-10 21:45:30] [I] [luastg] CreateSprite: 已从纹理 'particles' 创建图片精灵 'parimg11' (global)
[2026-02-10 21:45:30] [I] [luastg] CreateSprite: 已从纹理 'particles' 创建图片精灵 'parimg12' (global)
[2026-02-10 21:45:30] [I] [luastg] CreateSprite: 已从纹理 'particles' 创建图片精灵 'parimg13' (global)
[2026-02-10 21:45:30] [I] [luastg] CreateSprite: 已从纹理 'particles' 创建图片精灵 'parimg14' (global)
[2026-02-10 21:45:30] [I] [luastg] CreateSprite: 已从纹理 'particles' 创建图片精灵 'parimg15' (global)
[2026-02-10 21:45:30] [I] [luastg] CreateSprite: 已从纹理 'particles' 创建图片精灵 'parimg16' (global)
[2026-02-10 21:45:30] [I] [luastg] LoadTexture: 已从 'THlib/misc/img_void.png' 加载纹理 'img_void' (global)
[2026-02-10 21:45:30] [I] [luastg] CreateSprite: 已从纹理 'img_void' 创建图片精灵 'img_void' (global)
[2026-02-10 21:45:30] [I] [luastg] CreateSprite: 已从纹理 'misc' 创建图片精灵 '_rev_white' (global)
[2026-02-10 21:45:30] [I] [luastg] CreateSprite: 已从纹理 'misc' 创建图片精灵 '_sub_white' (global)
[2026-02-10 21:45:30] [I] [luastg] 加载脚本'THlib/se/se.lua'
[2026-02-10 21:45:30] [I] [luastg] LoadSoundEffect: 已从 'THlib/se/se_alert.wav' 加载音效 'alert' (global)
[2026-02-10 21:45:30] [I] [luastg] LoadSoundEffect: 已从 'THlib/se/se_astralup.wav' 加载音效 'astralup' (global)
[2026-02-10 21:45:30] [I] [luastg] LoadSoundEffect: 已从 'THlib/se/se_bonus.wav' 加载音效 'bonus' (global)
[2026-02-10 21:45:30] [I] [luastg] LoadSoundEffect: 已从 'THlib/se/se_bonus2.wav' 加载音效 'bonus2' (global)
[2026-02-10 21:45:30] [I] [luastg] LoadSoundEffect: 已从 'THlib/se/se_boon00.wav' 加载音效 'boon00' (global)
[2026-02-10 21:45:30] [I] [luastg] LoadSoundEffect: 已从 'THlib/se/se_boon01.wav' 加载音效 'boon01' (global)
[2026-02-10 21:45:30] [I] [luastg] LoadSoundEffect: 已从 'THlib/se/se_cancel00.wav' 加载音效 'cancel00' (global)
[2026-02-10 21:45:30] [I] [luastg] LoadSoundEffect: 已从 'THlib/se/se_cardget.wav' 加载音效 'cardget' (global)
[2026-02-10 21:45:30] [I] [luastg] LoadSoundEffect: 已从 'THlib/se/se_cat00.wav' 加载音效 'cat00' (global)
[2026-02-10 21:45:30] [I] [luastg] LoadSoundEffect: 已从 'THlib/se/se_cat01.wav' 加载音效 'cat01' (global)
[2026-02-10 21:45:30] [I] [luastg] LoadSoundEffect: 已从 'THlib/se/se_ch00.wav' 加载音效 'ch00' (global)
[2026-02-10 21:45:30] [I] [luastg] LoadSoundEffect: 已从 'THlib/se/se_ch01.wav' 加载音效 'ch01' (global)
[2026-02-10 21:45:30] [I] [luastg] LoadSoundEffect: 已从 'THlib/se/se_ch02.wav' 加载音效 'ch02' (global)
[2026-02-10 21:45:30] [I] [luastg] LoadSoundEffect: 已从 'THlib/se/se_don00.wav' 加载音效 'don00' (global)
[2026-02-10 21:45:30] [I] [luastg] LoadSoundEffect: 已从 'THlib/se/se_damage00.wav' 加载音效 'damage00' (global)
[2026-02-10 21:45:30] [I] [luastg] LoadSoundEffect: 已从 'THlib/se/se_damage01.wav' 加载音效 'damage01' (global)
[2026-02-10 21:45:30] [I] [luastg] LoadSoundEffect: 已从 'THlib/se/se_enep00.wav' 加载音效 'enep00' (global)
[2026-02-10 21:45:30] [I] [luastg] LoadSoundEffect: 已从 'THlib/se/se_enep01.wav' 加载音效 'enep01' (global)
[2026-02-10 21:45:30] [I] [luastg] LoadSoundEffect: 已从 'THlib/se/se_enep02.wav' 加载音效 'enep02' (global)
[2026-02-10 21:45:30] [I] [luastg] LoadSoundEffect: 已从 'THlib/se/se_extend.wav' 加载音效 'extend' (global)
[2026-02-10 21:45:30] [I] [luastg] LoadSoundEffect: 已从 'THlib/se/se_fault.wav' 加载音效 'fault' (global)
[2026-02-10 21:45:30] [I] [luastg] LoadSoundEffect: 已从 'THlib/se/se_graze.wav' 加载音效 'graze' (global)
[2026-02-10 21:45:30] [I] [luastg] LoadSoundEffect: 已从 'THlib/se/se_gun00.wav' 加载音效 'gun00' (global)
[2026-02-10 21:45:30] [I] [luastg] LoadSoundEffect: 已从 'THlib/se/se_hint00.wav' 加载音效 'hint00' (global)
[2026-02-10 21:45:30] [I] [luastg] LoadSoundEffect: 已从 'THlib/se/se_invalid.wav' 加载音效 'invalid' (global)
[2026-02-10 21:45:30] [I] [luastg] LoadSoundEffect: 已从 'THlib/se/se_item00.wav' 加载音效 'item00' (global)
[2026-02-10 21:45:30] [I] [luastg] LoadSoundEffect: 已从 'THlib/se/se_kira00.wav' 加载音效 'kira00' (global)
[2026-02-10 21:45:30] [I] [luastg] LoadSoundEffect: 已从 'THlib/se/se_kira01.wav' 加载音效 'kira01' (global)
[2026-02-10 21:45:30] [I] [luastg] LoadSoundEffect: 已从 'THlib/se/se_kira02.wav' 加载音效 'kira02' (global)
[2026-02-10 21:45:30] [I] [luastg] LoadSoundEffect: 已从 'THlib/se/se_lazer00.wav' 加载音效 'lazer00' (global)
[2026-02-10 21:45:30] [I] [luastg] LoadSoundEffect: 已从 'THlib/se/se_lazer01.wav' 加载音效 'lazer01' (global)
[2026-02-10 21:45:30] [I] [luastg] LoadSoundEffect: 已从 'THlib/se/se_lazer02.wav' 加载音效 'lazer02' (global)
[2026-02-10 21:45:30] [I] [luastg] LoadSoundEffect: 已从 'THlib/se/se_msl.wav' 加载音效 'msl' (global)
[2026-02-10 21:45:30] [I] [luastg] LoadSoundEffect: 已从 'THlib/se/se_msl2.wav' 加载音效 'msl2' (global)
[2026-02-10 21:45:30] [I] [luastg] LoadSoundEffect: 已从 'THlib/se/se_nep00.wav' 加载音效 'nep00' (global)
[2026-02-10 21:45:30] [I] [luastg] LoadSoundEffect: 已从 'THlib/se/se_ok00.wav' 加载音效 'ok00' (global)
[2026-02-10 21:45:30] [I] [luastg] LoadSoundEffect: 已从 'THlib/se/se_option.wav' 加载音效 'option' (global)
[2026-02-10 21:45:30] [I] [luastg] LoadSoundEffect: 已从 'THlib/se/se_pause.wav' 加载音效 'pause' (global)
[2026-02-10 21:45:30] [I] [luastg] LoadSoundEffect: 已从 'THlib/se/se_pldead00.wav' 加载音效 'pldead00' (global)
[2026-02-10 21:45:30] [I] [luastg] LoadSoundEffect: 已从 'THlib/se/se_plst00.wav' 加载音效 'plst00' (global)
[2026-02-10 21:45:30] [I] [luastg] LoadSoundEffect: 已从 'THlib/se/se_power0.wav' 加载音效 'power0' (global)
[2026-02-10 21:45:30] [I] [luastg] LoadSoundEffect: 已从 'THlib/se/se_power1.wav' 加载音效 'power1' (global)
[2026-02-10 21:45:30] [I] [luastg] LoadSoundEffect: 已从 'THlib/se/se_powerup.wav' 加载音效 'powerup' (global)
[2026-02-10 21:45:30] [I] [luastg] LoadSoundEffect: 已从 'THlib/se/se_select00.wav' 加载音效 'select00' (global)
[2026-02-10 21:45:30] [I] [luastg] LoadSoundEffect: 已从 'THlib/se/se_slash.wav' 加载音效 'slash' (global)
[2026-02-10 21:45:30] [I] [luastg] LoadSoundEffect: 已从 'THlib/se/se_tan00.wav' 加载音效 'tan00' (global)
[2026-02-10 21:45:30] [I] [luastg] LoadSoundEffect: 已从 'THlib/se/se_tan01.wav' 加载音效 'tan01' (global)
[2026-02-10 21:45:30] [I] [luastg] LoadSoundEffect: 已从 'THlib/se/se_tan02.wav' 加载音效 'tan02' (global)
[2026-02-10 21:45:30] [I] [luastg] LoadSoundEffect: 已从 'THlib/se/se_timeout.wav' 加载音效 'timeout' (global)
[2026-02-10 21:45:30] [I] [luastg] LoadSoundEffect: 已从 'THlib/se/se_timeout2.wav' 加载音效 'timeout2' (global)
[2026-02-10 21:45:30] [I] [luastg] LoadSoundEffect: 已从 'THlib/se/se_warpl.wav' 加载音效 'warpl' (global)
[2026-02-10 21:45:30] [I] [luastg] LoadSoundEffect: 已从 'THlib/se/se_warpr.wav' 加载音效 'warpr' (global)
[2026-02-10 21:45:30] [I] [luastg] LoadSoundEffect: 已从 'THlib/se/se_water.wav' 加载音效 'water' (global)
[2026-02-10 21:45:30] [I] [luastg] LoadSoundEffect: 已从 'THlib/se/se_explode.wav' 加载音效 'explode' (global)
[2026-02-10 21:45:30] [I] [luastg] LoadSoundEffect: 已从 'THlib/se/se_nice.wav' 加载音效 'nice' (global)
[2026-02-10 21:45:30] [I] [luastg] LoadSoundEffect: 已从 'THlib/se/se_nodamage.wav' 加载音效 'nodamage' (global)
[2026-02-10 21:45:30] [I] [luastg] LoadSoundEffect: 已从 'THlib/se/se_power02.wav' 加载音效 'power02' (global)
[2026-02-10 21:45:30] [I] [luastg] LoadSoundEffect: 已从 'THlib/se/se_lgods1.wav' 加载音效 'lgods1' (global)
[2026-02-10 21:45:30] [I] [luastg] LoadSoundEffect: 已从 'THlib/se/se_lgods2.wav' 加载音效 'lgods2' (global)
[2026-02-10 21:45:30] [I] [luastg] LoadSoundEffect: 已从 'THlib/se/se_lgods3.wav' 加载音效 'lgods3' (global)
[2026-02-10 21:45:30] [I] [luastg] LoadSoundEffect: 已从 'THlib/se/se_lgods4.wav' 加载音效 'lgods4' (global)
[2026-02-10 21:45:30] [I] [luastg] LoadSoundEffect: 已从 'THlib/se/se_lgodsget.wav' 加载音效 'lgodsget' (global)
[2026-02-10 21:45:30] [I] [luastg] LoadSoundEffect: 已从 'THlib/se/se_big.wav' 加载音效 'big' (global)
[2026-02-10 21:45:30] [I] [luastg] LoadSoundEffect: 已从 'THlib/se/se_wolf.wav' 加载音效 'wolf' (global)
[2026-02-10 21:45:30] [I] [luastg] LoadSoundEffect: 已从 'THlib/se/se_noise.wav' 加载音效 'noise' (global)
[2026-02-10 21:45:30] [I] [luastg] LoadSoundEffect: 已从 'THlib/se/se_pin00.wav' 加载音效 'pin00' (global)
[2026-02-10 21:45:30] [I] [luastg] LoadSoundEffect: 已从 'THlib/se/se_powerup1.wav' 加载音效 'powerup1' (global)
[2026-02-10 21:45:30] [I] [luastg] LoadSoundEffect: 已从 'THlib/se/se_old_cat00.wav' 加载音效 'old_cat00' (global)
[2026-02-10 21:45:30] [I] [luastg] LoadSoundEffect: 已从 'THlib/se/se_old_enep00.wav' 加载音效 'old_enep00' (global)
[2026-02-10 21:45:30] [I] [luastg] LoadSoundEffect: 已从 'THlib/se/se_old_extend.wav' 加载音效 'old_extend' (global)
[2026-02-10 21:45:30] [I] [luastg] LoadSoundEffect: 已从 'THlib/se/se_old_gun00.wav' 加载音效 'old_gun00' (global)
[2026-02-10 21:45:30] [I] [luastg] LoadSoundEffect: 已从 'THlib/se/se_old_kira00.wav' 加载音效 'old_kira00' (global)
[2026-02-10 21:45:30] [I] [luastg] LoadSoundEffect: 已从 'THlib/se/se_old_kira01.wav' 加载音效 'old_kira01' (global)
[2026-02-10 21:45:30] [I] [luastg] LoadSoundEffect: 已从 'THlib/se/se_old_lazer01.wav' 加载音效 'old_lazer01' (global)
[2026-02-10 21:45:30] [I] [luastg] LoadSoundEffect: 已从 'THlib/se/se_old_nep00.wav' 加载音效 'old_nep00' (global)
[2026-02-10 21:45:30] [I] [luastg] LoadSoundEffect: 已从 'THlib/se/se_old_pldead00.wav' 加载音效 'old_pldead00' (global)
[2026-02-10 21:45:30] [I] [luastg] LoadSoundEffect: 已从 'THlib/se/se_old_power0.wav' 加载音效 'old_power0' (global)
[2026-02-10 21:45:30] [I] [luastg] LoadSoundEffect: 已从 'THlib/se/se_old_power1.wav' 加载音效 'old_power1' (global)
[2026-02-10 21:45:30] [I] [luastg] LoadSoundEffect: 已从 'THlib/se/se_old_powerup.wav' 加载音效 'old_powerup' (global)
[2026-02-10 21:45:31] [I] [luastg] LoadSoundEffect: 已从 'THlib/se/se_hyz_charge00.wav' 加载音效 'hyz_charge00' (global)
[2026-02-10 21:45:31] [I] [luastg] LoadSoundEffect: 已从 'THlib/se/se_hyz_charge01b.wav' 加载音效 'hyz_charge01b' (global)
[2026-02-10 21:45:31] [I] [luastg] LoadSoundEffect: 已从 'THlib/se/se_hyz_chargeup.wav' 加载音效 'hyz_chargeup' (global)
[2026-02-10 21:45:31] [I] [luastg] LoadSoundEffect: 已从 'THlib/se/se_hyz_eterase.wav' 加载音效 'hyz_eterase' (global)
[2026-02-10 21:45:31] [I] [luastg] LoadSoundEffect: 已从 'THlib/se/se_hyz_exattack.wav' 加载音效 'hyz_exattack' (global)
[2026-02-10 21:45:31] [I] [luastg] LoadSoundEffect: 已从 'THlib/se/se_hyz_gosp.wav' 加载音效 'hyz_gosp' (global)
[2026-02-10 21:45:31] [I] [luastg] LoadSoundEffect: 已从 'THlib/se/se_hyz_life1.wav' 加载音效 'hyz_life1' (global)
[2026-02-10 21:45:31] [I] [luastg] LoadSoundEffect: 已从 'THlib/se/se_hyz_playerdead.wav' 加载音效 'hyz_playerdead' (global)
[2026-02-10 21:45:31] [I] [luastg] LoadSoundEffect: 已从 'THlib/se/se_hyz_timestop0.wav' 加载音效 'hyz_timestop0' (global)
[2026-02-10 21:45:31] [I] [luastg] LoadSoundEffect: 已从 'THlib/se/se_hyz_warning.wav' 加载音效 'hyz_warning' (global)
[2026-02-10 21:45:31] [I] [luastg] LoadSoundEffect: 已从 'THlib/se/se_bonus3.wav' 加载音效 'bonus3' (global)
[2026-02-10 21:45:31] [I] [luastg] LoadSoundEffect: 已从 'THlib/se/se_border.wav' 加载音效 'border' (global)
[2026-02-10 21:45:31] [I] [luastg] LoadSoundEffect: 已从 'THlib/se/se_changeitem.wav' 加载音效 'changeitem' (global)
[2026-02-10 21:45:31] [I] [luastg] LoadSoundEffect: 已从 'THlib/se/se_down.wav' 加载音效 'down' (global)
[2026-02-10 21:45:31] [I] [luastg] LoadSoundEffect: 已从 'THlib/se/se_extend2.wav' 加载音效 'extend2' (global)
[2026-02-10 21:45:31] [I] [luastg] LoadSoundEffect: 已从 'THlib/se/se_focusfix.wav' 加载音效 'focusfix' (global)
[2026-02-10 21:45:31] [I] [luastg] LoadSoundEffect: 已从 'THlib/se/se_focusfix2.wav' 加载音效 'focusfix2' (global)
[2026-02-10 21:45:31] [I] [luastg] LoadSoundEffect: 已从 'THlib/se/se_focusin.wav' 加载音效 'focusin' (global)
[2026-02-10 21:45:31] [I] [luastg] LoadSoundEffect: 已从 'THlib/se/se_heal.wav' 加载音效 'heal' (global)
[2026-02-10 21:45:31] [I] [luastg] LoadSoundEffect: 已从 'THlib/se/se_ice.wav' 加载音效 'ice' (global)
[2026-02-10 21:45:31] [I] [luastg] LoadSoundEffect: 已从 'THlib/se/se_ice2.wav' 加载音效 'ice2' (global)
[2026-02-10 21:45:31] [I] [luastg] LoadSoundEffect: 已从 'THlib/se/se_item01.wav' 加载音效 'item01' (global)
[2026-02-10 21:45:31] [I] [luastg] LoadSoundEffect: 已从 'THlib/se/se_ophide.wav' 加载音效 'ophide' (global)
[2026-02-10 21:45:31] [I] [luastg] LoadSoundEffect: 已从 'THlib/se/se_opshow.wav' 加载音效 'opshow' (global)
[2026-02-10 21:45:31] [I] [luastg] 加载脚本'THlib/item/item.lua'
[2026-02-10 21:45:31] [I] [luastg] LoadTexture: 已从 'THlib/item/item.png' 加载纹理 'item' (global)
[2026-02-10 21:45:31] [I] [luastg] CreateSprite: 已从纹理 'item' 创建图片精灵 'item1' (global)
[2026-02-10 21:45:31] [I] [luastg] CreateSprite: 已从纹理 'item' 创建图片精灵 'item2' (global)
[2026-02-10 21:45:31] [I] [luastg] CreateSprite: 已从纹理 'item' 创建图片精灵 'item3' (global)
[2026-02-10 21:45:31] [I] [luastg] CreateSprite: 已从纹理 'item' 创建图片精灵 'item4' (global)
[2026-02-10 21:45:31] [I] [luastg] CreateSprite: 已从纹理 'item' 创建图片精灵 'item5' (global)
[2026-02-10 21:45:31] [I] [luastg] CreateSprite: 已从纹理 'item' 创建图片精灵 'item6' (global)
[2026-02-10 21:45:31] [I] [luastg] CreateSprite: 已从纹理 'item' 创建图片精灵 'item7' (global)
[2026-02-10 21:45:31] [I] [luastg] CreateSprite: 已从纹理 'item' 创建图片精灵 'item8' (global)
[2026-02-10 21:45:31] [I] [luastg] CreateSprite: 已从纹理 'item' 创建图片精灵 'item9' (global)
[2026-02-10 21:45:31] [I] [luastg] CreateSprite: 已从纹理 'item' 创建图片精灵 'item10' (global)
[2026-02-10 21:45:31] [I] [luastg] CreateSprite: 已从纹理 'item' 创建图片精灵 'item_up1' (global)
[2026-02-10 21:45:31] [I] [luastg] CreateSprite: 已从纹理 'item' 创建图片精灵 'item_up2' (global)
[2026-02-10 21:45:31] [I] [luastg] CreateSprite: 已从纹理 'item' 创建图片精灵 'item_up3' (global)
[2026-02-10 21:45:31] [I] [luastg] CreateSprite: 已从纹理 'item' 创建图片精灵 'item_up4' (global)
[2026-02-10 21:45:31] [I] [luastg] CreateSprite: 已从纹理 'item' 创建图片精灵 'item_up5' (global)
[2026-02-10 21:45:31] [I] [luastg] CreateSprite: 已从纹理 'item' 创建图片精灵 'item_up6' (global)
[2026-02-10 21:45:31] [I] [luastg] CreateSprite: 已从纹理 'item' 创建图片精灵 'item_up7' (global)
[2026-02-10 21:45:31] [I] [luastg] CreateSprite: 已从纹理 'item' 创建图片精灵 'item_up8' (global)
[2026-02-10 21:45:31] [I] [luastg] CreateSprite: 已从纹理 'item' 创建图片精灵 'item_up9' (global)
[2026-02-10 21:45:31] [I] [luastg] CreateSprite: 已从纹理 'item' 创建图片精灵 'item_up10' (global)
[2026-02-10 21:45:31] [I] [luastg] LoadTexture: 已从 'THlib/item/item.png' 加载纹理 'bonus1' (global)
[2026-02-10 21:45:31] [I] [luastg] LoadTexture: 已从 'THlib/item/item.png' 加载纹理 'bonus2' (global)
[2026-02-10 21:45:31] [I] [luastg] LoadTexture: 已从 'THlib/item/item.png' 加载纹理 'bonus3' (global)
[2026-02-10 21:45:31] [I] [luastg] 加载脚本'THlib/player/player.lua'
[2026-02-10 21:45:31] [I] [luastg] LoadParticle: 已从 'THlib/player/player_death_ef.psi' 创建粒子特效 'player_death_ef' (global)
[2026-02-10 21:45:31] [I] [luastg] LoadParticle: 已从 'THlib/player/graze.psi' 创建粒子特效 'graze' (global)
[2026-02-10 21:45:31] [I] [luastg] LoadTexture: 已从 'THlib/player/spellmask.png' 加载纹理 'player_spell_mask' (global)
[2026-02-10 21:45:31] [I] [luastg] CreateSprite: 已从纹理 'player_spell_mask' 创建图片精灵 'player_spell_mask' (global)
[2026-02-10 21:45:31] [I] [luastg] 加载脚本'THlib/player/player_system.lua'
[2026-02-10 21:45:31] [I] [luastg] 加载脚本'THlib/enemy/enemy.lua'
[2026-02-10 21:45:31] [I] [luastg] LoadTexture: 已从 'THlib/enemy/enemy1.png' 加载纹理 'enemy1' (global)
[2026-02-10 21:45:31] [I] [luastg] CreateSprite: 已从纹理 'enemy1' 创建图片精灵 'enemy1_1' (global)
[2026-02-10 21:45:31] [I] [luastg] CreateSprite: 已从纹理 'enemy1' 创建图片精灵 'enemy1_2' (global)
[2026-02-10 21:45:31] [I] [luastg] CreateSprite: 已从纹理 'enemy1' 创建图片精灵 'enemy1_3' (global)
[2026-02-10 21:45:31] [I] [luastg] CreateSprite: 已从纹理 'enemy1' 创建图片精灵 'enemy1_4' (global)
[2026-02-10 21:45:31] [I] [luastg] CreateSprite: 已从纹理 'enemy1' 创建图片精灵 'enemy1_5' (global)
[2026-02-10 21:45:31] [I] [luastg] CreateSprite: 已从纹理 'enemy1' 创建图片精灵 'enemy1_6' (global)
[2026-02-10 21:45:31] [I] [luastg] CreateSprite: 已从纹理 'enemy1' 创建图片精灵 'enemy1_7' (global)
[2026-02-10 21:45:31] [I] [luastg] CreateSprite: 已从纹理 'enemy1' 创建图片精灵 'enemy1_8' (global)
[2026-02-10 21:45:31] [I] [luastg] CreateSprite: 已从纹理 'enemy1' 创建图片精灵 'enemy1_9' (global)
[2026-02-10 21:45:31] [I] [luastg] CreateSprite: 已从纹理 'enemy1' 创建图片精灵 'enemy1_10' (global)
[2026-02-10 21:45:31] [I] [luastg] CreateSprite: 已从纹理 'enemy1' 创建图片精灵 'enemy1_11' (global)
[2026-02-10 21:45:31] [I] [luastg] CreateSprite: 已从纹理 'enemy1' 创建图片精灵 'enemy1_12' (global)
[2026-02-10 21:45:31] [I] [luastg] CreateSprite: 已从纹理 'enemy1' 创建图片精灵 'enemy2_1' (global)
[2026-02-10 21:45:31] [I] [luastg] CreateSprite: 已从纹理 'enemy1' 创建图片精灵 'enemy2_2' (global)
[2026-02-10 21:45:31] [I] [luastg] CreateSprite: 已从纹理 'enemy1' 创建图片精灵 'enemy2_3' (global)
[2026-02-10 21:45:31] [I] [luastg] CreateSprite: 已从纹理 'enemy1' 创建图片精灵 'enemy2_4' (global)
[2026-02-10 21:45:31] [I] [luastg] CreateSprite: 已从纹理 'enemy1' 创建图片精灵 'enemy2_5' (global)
[2026-02-10 21:45:31] [I] [luastg] CreateSprite: 已从纹理 'enemy1' 创建图片精灵 'enemy2_6' (global)
[2026-02-10 21:45:31] [I] [luastg] CreateSprite: 已从纹理 'enemy1' 创建图片精灵 'enemy2_7' (global)
[2026-02-10 21:45:31] [I] [luastg] CreateSprite: 已从纹理 'enemy1' 创建图片精灵 'enemy2_8' (global)
[2026-02-10 21:45:31] [I] [luastg] CreateSprite: 已从纹理 'enemy1' 创建图片精灵 'enemy2_9' (global)
[2026-02-10 21:45:31] [I] [luastg] CreateSprite: 已从纹理 'enemy1' 创建图片精灵 'enemy2_10' (global)
[2026-02-10 21:45:31] [I] [luastg] CreateSprite: 已从纹理 'enemy1' 创建图片精灵 'enemy2_11' (global)
[2026-02-10 21:45:31] [I] [luastg] CreateSprite: 已从纹理 'enemy1' 创建图片精灵 'enemy2_12' (global)
[2026-02-10 21:45:31] [I] [luastg] CreateSprite: 已从纹理 'enemy1' 创建图片精灵 'enemy3_1' (global)
[2026-02-10 21:45:31] [I] [luastg] CreateSprite: 已从纹理 'enemy1' 创建图片精灵 'enemy3_2' (global)
[2026-02-10 21:45:31] [I] [luastg] CreateSprite: 已从纹理 'enemy1' 创建图片精灵 'enemy3_3' (global)
[2026-02-10 21:45:31] [I] [luastg] CreateSprite: 已从纹理 'enemy1' 创建图片精灵 'enemy3_4' (global)
[2026-02-10 21:45:31] [I] [luastg] CreateSprite: 已从纹理 'enemy1' 创建图片精灵 'enemy3_5' (global)
[2026-02-10 21:45:31] [I] [luastg] CreateSprite: 已从纹理 'enemy1' 创建图片精灵 'enemy3_6' (global)
[2026-02-10 21:45:31] [I] [luastg] CreateSprite: 已从纹理 'enemy1' 创建图片精灵 'enemy3_7' (global)
[2026-02-10 21:45:31] [I] [luastg] CreateSprite: 已从纹理 'enemy1' 创建图片精灵 'enemy3_8' (global)
[2026-02-10 21:45:31] [I] [luastg] CreateSprite: 已从纹理 'enemy1' 创建图片精灵 'enemy3_9' (global)
[2026-02-10 21:45:31] [I] [luastg] CreateSprite: 已从纹理 'enemy1' 创建图片精灵 'enemy3_10' (global)
[2026-02-10 21:45:31] [I] [luastg] CreateSprite: 已从纹理 'enemy1' 创建图片精灵 'enemy3_11' (global)
[2026-02-10 21:45:31] [I] [luastg] CreateSprite: 已从纹理 'enemy1' 创建图片精灵 'enemy3_12' (global)
[2026-02-10 21:45:31] [I] [luastg] CreateSprite: 已从纹理 'enemy1' 创建图片精灵 'enemy4_1' (global)
[2026-02-10 21:45:31] [I] [luastg] CreateSprite: 已从纹理 'enemy1' 创建图片精灵 'enemy4_2' (global)
[2026-02-10 21:45:31] [I] [luastg] CreateSprite: 已从纹理 'enemy1' 创建图片精灵 'enemy4_3' (global)
[2026-02-10 21:45:31] [I] [luastg] CreateSprite: 已从纹理 'enemy1' 创建图片精灵 'enemy4_4' (global)
[2026-02-10 21:45:31] [I] [luastg] CreateSprite: 已从纹理 'enemy1' 创建图片精灵 'enemy4_5' (global)
[2026-02-10 21:45:31] [I] [luastg] CreateSprite: 已从纹理 'enemy1' 创建图片精灵 'enemy4_6' (global)
[2026-02-10 21:45:31] [I] [luastg] CreateSprite: 已从纹理 'enemy1' 创建图片精灵 'enemy4_7' (global)
[2026-02-10 21:45:31] [I] [luastg] CreateSprite: 已从纹理 'enemy1' 创建图片精灵 'enemy4_8' (global)
[2026-02-10 21:45:31] [I] [luastg] CreateSprite: 已从纹理 'enemy1' 创建图片精灵 'enemy4_9' (global)
[2026-02-10 21:45:31] [I] [luastg] CreateSprite: 已从纹理 'enemy1' 创建图片精灵 'enemy4_10' (global)
[2026-02-10 21:45:31] [I] [luastg] CreateSprite: 已从纹理 'enemy1' 创建图片精灵 'enemy4_11' (global)
[2026-02-10 21:45:31] [I] [luastg] CreateSprite: 已从纹理 'enemy1' 创建图片精灵 'enemy4_12' (global)
[2026-02-10 21:45:31] [I] [luastg] CreateSprite: 已从纹理 'enemy1' 创建图片精灵 'enemy5_1' (global)
[2026-02-10 21:45:31] [I] [luastg] CreateSprite: 已从纹理 'enemy1' 创建图片精灵 'enemy5_2' (global)
[2026-02-10 21:45:31] [I] [luastg] CreateSprite: 已从纹理 'enemy1' 创建图片精灵 'enemy5_3' (global)
[2026-02-10 21:45:31] [I] [luastg] CreateSprite: 已从纹理 'enemy1' 创建图片精灵 'enemy5_4' (global)
[2026-02-10 21:45:31] [I] [luastg] CreateSprite: 已从纹理 'enemy1' 创建图片精灵 'enemy5_5' (global)
[2026-02-10 21:45:31] [I] [luastg] CreateSprite: 已从纹理 'enemy1' 创建图片精灵 'enemy5_6' (global)
[2026-02-10 21:45:31] [I] [luastg] CreateSprite: 已从纹理 'enemy1' 创建图片精灵 'enemy5_7' (global)
[2026-02-10 21:45:31] [I] [luastg] CreateSprite: 已从纹理 'enemy1' 创建图片精灵 'enemy5_8' (global)
[2026-02-10 21:45:31] [I] [luastg] CreateSprite: 已从纹理 'enemy1' 创建图片精灵 'enemy5_9' (global)
[2026-02-10 21:45:31] [I] [luastg] CreateSprite: 已从纹理 'enemy1' 创建图片精灵 'enemy5_10' (global)
[2026-02-10 21:45:31] [I] [luastg] CreateSprite: 已从纹理 'enemy1' 创建图片精灵 'enemy5_11' (global)
[2026-02-10 21:45:31] [I] [luastg] CreateSprite: 已从纹理 'enemy1' 创建图片精灵 'enemy5_12' (global)
[2026-02-10 21:45:31] [I] [luastg] CreateSprite: 已从纹理 'enemy1' 创建图片精灵 'enemy6_1' (global)
[2026-02-10 21:45:31] [I] [luastg] CreateSprite: 已从纹理 'enemy1' 创建图片精灵 'enemy6_2' (global)
[2026-02-10 21:45:31] [I] [luastg] CreateSprite: 已从纹理 'enemy1' 创建图片精灵 'enemy6_3' (global)
[2026-02-10 21:45:31] [I] [luastg] CreateSprite: 已从纹理 'enemy1' 创建图片精灵 'enemy6_4' (global)
[2026-02-10 21:45:31] [I] [luastg] CreateSprite: 已从纹理 'enemy1' 创建图片精灵 'enemy6_5' (global)
[2026-02-10 21:45:31] [I] [luastg] CreateSprite: 已从纹理 'enemy1' 创建图片精灵 'enemy6_6' (global)
[2026-02-10 21:45:31] [I] [luastg] CreateSprite: 已从纹理 'enemy1' 创建图片精灵 'enemy6_7' (global)
[2026-02-10 21:45:31] [I] [luastg] CreateSprite: 已从纹理 'enemy1' 创建图片精灵 'enemy6_8' (global)
[2026-02-10 21:45:31] [I] [luastg] CreateSprite: 已从纹理 'enemy1' 创建图片精灵 'enemy6_9' (global)
[2026-02-10 21:45:31] [I] [luastg] CreateSprite: 已从纹理 'enemy1' 创建图片精灵 'enemy6_10' (global)
[2026-02-10 21:45:31] [I] [luastg] CreateSprite: 已从纹理 'enemy1' 创建图片精灵 'enemy6_11' (global)
[2026-02-10 21:45:31] [I] [luastg] CreateSprite: 已从纹理 'enemy1' 创建图片精灵 'enemy6_12' (global)
[2026-02-10 21:45:31] [I] [luastg] CreateSprite: 已从纹理 'enemy1' 创建图片精灵 'enemy7_1' (global)
[2026-02-10 21:45:31] [I] [luastg] CreateSprite: 已从纹理 'enemy1' 创建图片精灵 'enemy7_2' (global)
[2026-02-10 21:45:31] [I] [luastg] CreateSprite: 已从纹理 'enemy1' 创建图片精灵 'enemy7_3' (global)
[2026-02-10 21:45:31] [I] [luastg] CreateSprite: 已从纹理 'enemy1' 创建图片精灵 'enemy7_4' (global)
[2026-02-10 21:45:31] [I] [luastg] CreateSprite: 已从纹理 'enemy1' 创建图片精灵 'enemy7_5' (global)
[2026-02-10 21:45:31] [I] [luastg] CreateSprite: 已从纹理 'enemy1' 创建图片精灵 'enemy7_6' (global)
[2026-02-10 21:45:31] [I] [luastg] CreateSprite: 已从纹理 'enemy1' 创建图片精灵 'enemy7_7' (global)
[2026-02-10 21:45:31] [I] [luastg] CreateSprite: 已从纹理 'enemy1' 创建图片精灵 'enemy7_8' (global)
[2026-02-10 21:45:31] [I] [luastg] CreateSprite: 已从纹理 'enemy1' 创建图片精灵 'enemy7_9' (global)
[2026-02-10 21:45:31] [I] [luastg] CreateSprite: 已从纹理 'enemy1' 创建图片精灵 'enemy7_10' (global)
[2026-02-10 21:45:31] [I] [luastg] CreateSprite: 已从纹理 'enemy1' 创建图片精灵 'enemy7_11' (global)
[2026-02-10 21:45:31] [I] [luastg] CreateSprite: 已从纹理 'enemy1' 创建图片精灵 'enemy7_12' (global)
[2026-02-10 21:45:31] [I] [luastg] CreateSprite: 已从纹理 'enemy1' 创建图片精灵 'enemy8_1' (global)
[2026-02-10 21:45:31] [I] [luastg] CreateSprite: 已从纹理 'enemy1' 创建图片精灵 'enemy8_2' (global)
[2026-02-10 21:45:31] [I] [luastg] CreateSprite: 已从纹理 'enemy1' 创建图片精灵 'enemy8_3' (global)
[2026-02-10 21:45:31] [I] [luastg] CreateSprite: 已从纹理 'enemy1' 创建图片精灵 'enemy8_4' (global)
[2026-02-10 21:45:31] [I] [luastg] CreateSprite: 已从纹理 'enemy1' 创建图片精灵 'enemy8_5' (global)
[2026-02-10 21:45:31] [I] [luastg] CreateSprite: 已从纹理 'enemy1' 创建图片精灵 'enemy8_6' (global)
[2026-02-10 21:45:31] [I] [luastg] CreateSprite: 已从纹理 'enemy1' 创建图片精灵 'enemy8_7' (global)
[2026-02-10 21:45:31] [I] [luastg] CreateSprite: 已从纹理 'enemy1' 创建图片精灵 'enemy8_8' (global)
[2026-02-10 21:45:31] [I] [luastg] CreateSprite: 已从纹理 'enemy1' 创建图片精灵 'enemy8_9' (global)
[2026-02-10 21:45:31] [I] [luastg] CreateSprite: 已从纹理 'enemy1' 创建图片精灵 'enemy8_10' (global)
[2026-02-10 21:45:31] [I] [luastg] CreateSprite: 已从纹理 'enemy1' 创建图片精灵 'enemy8_11' (global)
[2026-02-10 21:45:31] [I] [luastg] CreateSprite: 已从纹理 'enemy1' 创建图片精灵 'enemy8_12' (global)
[2026-02-10 21:45:31] [I] [luastg] CreateSprite: 已从纹理 'enemy1' 创建图片精灵 'enemy9_1' (global)
[2026-02-10 21:45:31] [I] [luastg] CreateSprite: 已从纹理 'enemy1' 创建图片精灵 'enemy9_2' (global)
[2026-02-10 21:45:31] [I] [luastg] CreateSprite: 已从纹理 'enemy1' 创建图片精灵 'enemy9_3' (global)
[2026-02-10 21:45:31] [I] [luastg] CreateSprite: 已从纹理 'enemy1' 创建图片精灵 'enemy9_4' (global)
[2026-02-10 21:45:31] [I] [luastg] CreateSprite: 已从纹理 'enemy1' 创建图片精灵 'enemy9_5' (global)
[2026-02-10 21:45:31] [I] [luastg] CreateSprite: 已从纹理 'enemy1' 创建图片精灵 'enemy9_6' (global)
[2026-02-10 21:45:31] [I] [luastg] CreateSprite: 已从纹理 'enemy1' 创建图片精灵 'enemy9_7' (global)
[2026-02-10 21:45:31] [I] [luastg] CreateSprite: 已从纹理 'enemy1' 创建图片精灵 'enemy9_8' (global)
[2026-02-10 21:45:31] [I] [luastg] CreateSprite: 已从纹理 'enemy1' 创建图片精灵 'enemy9_9' (global)
[2026-02-10 21:45:31] [I] [luastg] CreateSprite: 已从纹理 'enemy1' 创建图片精灵 'enemy9_10' (global)
[2026-02-10 21:45:31] [I] [luastg] CreateSprite: 已从纹理 'enemy1' 创建图片精灵 'enemy9_11' (global)
[2026-02-10 21:45:31] [I] [luastg] CreateSprite: 已从纹理 'enemy1' 创建图片精灵 'enemy9_12' (global)
[2026-02-10 21:45:31] [I] [luastg] CreateSprite: 已从纹理 'enemy1' 创建图片精灵 'kedama1' (global)
[2026-02-10 21:45:31] [I] [luastg] CreateSprite: 已从纹理 'enemy1' 创建图片精灵 'kedama2' (global)
[2026-02-10 21:45:31] [I] [luastg] CreateSprite: 已从纹理 'enemy1' 创建图片精灵 'kedama3' (global)
[2026-02-10 21:45:31] [I] [luastg] CreateSprite: 已从纹理 'enemy1' 创建图片精灵 'kedama4' (global)
[2026-02-10 21:45:31] [I] [luastg] CreateSprite: 已从纹理 'enemy1' 创建图片精灵 'enemy_x1' (global)
[2026-02-10 21:45:31] [I] [luastg] CreateSprite: 已从纹理 'enemy1' 创建图片精灵 'enemy_x2' (global)
[2026-02-10 21:45:31] [I] [luastg] CreateSprite: 已从纹理 'enemy1' 创建图片精灵 'enemy_x3' (global)
[2026-02-10 21:45:31] [I] [luastg] CreateSprite: 已从纹理 'enemy1' 创建图片精灵 'enemy_x4' (global)
[2026-02-10 21:45:31] [I] [luastg] CreateSprite: 已从纹理 'enemy1' 创建图片精灵 'enemy_orb1' (global)
[2026-02-10 21:45:31] [I] [luastg] CreateSprite: 已从纹理 'enemy1' 创建图片精灵 'enemy_orb2' (global)
[2026-02-10 21:45:31] [I] [luastg] CreateSprite: 已从纹理 'enemy1' 创建图片精灵 'enemy_orb3' (global)
[2026-02-10 21:45:31] [I] [luastg] CreateSprite: 已从纹理 'enemy1' 创建图片精灵 'enemy_orb4' (global)
[2026-02-10 21:45:31] [I] [luastg] CreateSprite: 已从纹理 'enemy1' 创建图片精灵 'enemy_orb_ring1' (global)
[2026-02-10 21:45:31] [I] [luastg] CreateSprite: 已从纹理 'enemy1' 创建图片精灵 'enemy_orb_ring2' (global)
[2026-02-10 21:45:31] [I] [luastg] CreateSprite: 已从纹理 'enemy1' 创建图片精灵 'enemy_orb_ring3' (global)
[2026-02-10 21:45:31] [I] [luastg] CreateSprite: 已从纹理 'enemy1' 创建图片精灵 'enemy_orb_ring4' (global)
[2026-02-10 21:45:31] [I] [luastg] CreateSprite: 已从纹理 'enemy1' 创建图片精灵 'enemy_aura1' (global)
[2026-02-10 21:45:31] [I] [luastg] CreateSprite: 已从纹理 'enemy1' 创建图片精灵 'enemy_aura2' (global)
[2026-02-10 21:45:31] [I] [luastg] CreateSprite: 已从纹理 'enemy1' 创建图片精灵 'enemy_aura3' (global)
[2026-02-10 21:45:31] [I] [luastg] CreateSprite: 已从纹理 'enemy1' 创建图片精灵 'enemy_aura4' (global)
[2026-02-10 21:45:31] [I] [luastg] LoadTexture: 已从 'THlib/enemy/enemy2.png' 加载纹理 'enemy2' (global)
[2026-02-10 21:45:31] [I] [luastg] CreateSprite: 已从纹理 'enemy2' 创建图片精灵 'enemy10_1' (global)
[2026-02-10 21:45:31] [I] [luastg] CreateSprite: 已从纹理 'enemy2' 创建图片精灵 'enemy10_2' (global)
[2026-02-10 21:45:31] [I] [luastg] CreateSprite: 已从纹理 'enemy2' 创建图片精灵 'enemy10_3' (global)
[2026-02-10 21:45:31] [I] [luastg] CreateSprite: 已从纹理 'enemy2' 创建图片精灵 'enemy10_4' (global)
[2026-02-10 21:45:31] [I] [luastg] CreateSprite: 已从纹理 'enemy2' 创建图片精灵 'enemy10_5' (global)
[2026-02-10 21:45:31] [I] [luastg] CreateSprite: 已从纹理 'enemy2' 创建图片精灵 'enemy10_6' (global)
[2026-02-10 21:45:31] [I] [luastg] CreateSprite: 已从纹理 'enemy2' 创建图片精灵 'enemy10_7' (global)
[2026-02-10 21:45:31] [I] [luastg] CreateSprite: 已从纹理 'enemy2' 创建图片精灵 'enemy10_8' (global)
[2026-02-10 21:45:31] [I] [luastg] CreateSprite: 已从纹理 'enemy2' 创建图片精灵 'enemy10_9' (global)
[2026-02-10 21:45:31] [I] [luastg] CreateSprite: 已从纹理 'enemy2' 创建图片精灵 'enemy10_10' (global)
[2026-02-10 21:45:31] [I] [luastg] CreateSprite: 已从纹理 'enemy2' 创建图片精灵 'enemy10_11' (global)
[2026-02-10 21:45:31] [I] [luastg] CreateSprite: 已从纹理 'enemy2' 创建图片精灵 'enemy10_12' (global)
[2026-02-10 21:45:31] [I] [luastg] CreateSprite: 已从纹理 'enemy2' 创建图片精灵 'enemy11_1' (global)
[2026-02-10 21:45:31] [I] [luastg] CreateSprite: 已从纹理 'enemy2' 创建图片精灵 'enemy11_2' (global)
[2026-02-10 21:45:31] [I] [luastg] CreateSprite: 已从纹理 'enemy2' 创建图片精灵 'enemy11_3' (global)
[2026-02-10 21:45:31] [I] [luastg] CreateSprite: 已从纹理 'enemy2' 创建图片精灵 'enemy11_4' (global)
[2026-02-10 21:45:31] [I] [luastg] CreateSprite: 已从纹理 'enemy2' 创建图片精灵 'enemy11_5' (global)
[2026-02-10 21:45:31] [I] [luastg] CreateSprite: 已从纹理 'enemy2' 创建图片精灵 'enemy11_6' (global)
[2026-02-10 21:45:31] [I] [luastg] CreateSprite: 已从纹理 'enemy2' 创建图片精灵 'enemy11_7' (global)
[2026-02-10 21:45:31] [I] [luastg] CreateSprite: 已从纹理 'enemy2' 创建图片精灵 'enemy11_8' (global)
[2026-02-10 21:45:31] [I] [luastg] CreateSprite: 已从纹理 'enemy2' 创建图片精灵 'enemy11_9' (global)
[2026-02-10 21:45:31] [I] [luastg] CreateSprite: 已从纹理 'enemy2' 创建图片精灵 'enemy11_10' (global)
[2026-02-10 21:45:31] [I] [luastg] CreateSprite: 已从纹理 'enemy2' 创建图片精灵 'enemy11_11' (global)
[2026-02-10 21:45:31] [I] [luastg] CreateSprite: 已从纹理 'enemy2' 创建图片精灵 'enemy11_12' (global)
[2026-02-10 21:45:31] [I] [luastg] CreateSprite: 已从纹理 'enemy2' 创建图片精灵 'enemy12_1' (global)
[2026-02-10 21:45:31] [I] [luastg] CreateSprite: 已从纹理 'enemy2' 创建图片精灵 'enemy12_2' (global)
[2026-02-10 21:45:31] [I] [luastg] CreateSprite: 已从纹理 'enemy2' 创建图片精灵 'enemy12_3' (global)
[2026-02-10 21:45:31] [I] [luastg] CreateSprite: 已从纹理 'enemy2' 创建图片精灵 'enemy12_4' (global)
[2026-02-10 21:45:31] [I] [luastg] CreateSprite: 已从纹理 'enemy2' 创建图片精灵 'enemy12_5' (global)
[2026-02-10 21:45:31] [I] [luastg] CreateSprite: 已从纹理 'enemy2' 创建图片精灵 'enemy12_6' (global)
[2026-02-10 21:45:31] [I] [luastg] CreateSprite: 已从纹理 'enemy2' 创建图片精灵 'enemy12_7' (global)
[2026-02-10 21:45:31] [I] [luastg] CreateSprite: 已从纹理 'enemy2' 创建图片精灵 'enemy12_8' (global)
[2026-02-10 21:45:31] [I] [luastg] CreateSprite: 已从纹理 'enemy2' 创建图片精灵 'enemy12_9' (global)
[2026-02-10 21:45:31] [I] [luastg] CreateSprite: 已从纹理 'enemy2' 创建图片精灵 'enemy12_10' (global)
[2026-02-10 21:45:31] [I] [luastg] CreateSprite: 已从纹理 'enemy2' 创建图片精灵 'enemy12_11' (global)
[2026-02-10 21:45:31] [I] [luastg] CreateSprite: 已从纹理 'enemy2' 创建图片精灵 'enemy12_12' (global)
[2026-02-10 21:45:31] [I] [luastg] CreateSprite: 已从纹理 'enemy2' 创建图片精灵 'enemy13_1' (global)
[2026-02-10 21:45:31] [I] [luastg] CreateSprite: 已从纹理 'enemy2' 创建图片精灵 'enemy13_2' (global)
[2026-02-10 21:45:31] [I] [luastg] CreateSprite: 已从纹理 'enemy2' 创建图片精灵 'enemy13_3' (global)
[2026-02-10 21:45:31] [I] [luastg] CreateSprite: 已从纹理 'enemy2' 创建图片精灵 'enemy13_4' (global)
[2026-02-10 21:45:31] [I] [luastg] CreateSprite: 已从纹理 'enemy2' 创建图片精灵 'enemy13_5' (global)
[2026-02-10 21:45:31] [I] [luastg] CreateSprite: 已从纹理 'enemy2' 创建图片精灵 'enemy13_6' (global)
[2026-02-10 21:45:31] [I] [luastg] CreateSprite: 已从纹理 'enemy2' 创建图片精灵 'enemy13_7' (global)
[2026-02-10 21:45:31] [I] [luastg] CreateSprite: 已从纹理 'enemy2' 创建图片精灵 'enemy13_8' (global)
[2026-02-10 21:45:31] [I] [luastg] CreateSprite: 已从纹理 'enemy2' 创建图片精灵 'enemy13_9' (global)
[2026-02-10 21:45:31] [I] [luastg] CreateSprite: 已从纹理 'enemy2' 创建图片精灵 'enemy13_10' (global)
[2026-02-10 21:45:31] [I] [luastg] CreateSprite: 已从纹理 'enemy2' 创建图片精灵 'enemy13_11' (global)
[2026-02-10 21:45:31] [I] [luastg] CreateSprite: 已从纹理 'enemy2' 创建图片精灵 'enemy13_12' (global)
[2026-02-10 21:45:31] [I] [luastg] CreateSprite: 已从纹理 'enemy2' 创建图片精灵 'enemy14_1' (global)
[2026-02-10 21:45:31] [I] [luastg] CreateSprite: 已从纹理 'enemy2' 创建图片精灵 'enemy14_2' (global)
[2026-02-10 21:45:31] [I] [luastg] CreateSprite: 已从纹理 'enemy2' 创建图片精灵 'enemy14_3' (global)
[2026-02-10 21:45:31] [I] [luastg] CreateSprite: 已从纹理 'enemy2' 创建图片精灵 'enemy14_4' (global)
[2026-02-10 21:45:31] [I] [luastg] CreateSprite: 已从纹理 'enemy2' 创建图片精灵 'enemy14_5' (global)
[2026-02-10 21:45:31] [I] [luastg] CreateSprite: 已从纹理 'enemy2' 创建图片精灵 'enemy14_6' (global)
[2026-02-10 21:45:31] [I] [luastg] CreateSprite: 已从纹理 'enemy2' 创建图片精灵 'enemy14_7' (global)
[2026-02-10 21:45:31] [I] [luastg] CreateSprite: 已从纹理 'enemy2' 创建图片精灵 'enemy14_8' (global)
[2026-02-10 21:45:31] [I] [luastg] CreateSprite: 已从纹理 'enemy2' 创建图片精灵 'enemy14_9' (global)
[2026-02-10 21:45:31] [I] [luastg] CreateSprite: 已从纹理 'enemy2' 创建图片精灵 'enemy14_10' (global)
[2026-02-10 21:45:31] [I] [luastg] CreateSprite: 已从纹理 'enemy2' 创建图片精灵 'enemy14_11' (global)
[2026-02-10 21:45:31] [I] [luastg] CreateSprite: 已从纹理 'enemy2' 创建图片精灵 'enemy14_12' (global)
[2026-02-10 21:45:31] [I] [luastg] CreateSprite: 已从纹理 'enemy2' 创建图片精灵 'enemy15_1' (global)
[2026-02-10 21:45:31] [I] [luastg] CreateSprite: 已从纹理 'enemy2' 创建图片精灵 'enemy15_2' (global)
[2026-02-10 21:45:31] [I] [luastg] CreateSprite: 已从纹理 'enemy2' 创建图片精灵 'enemy15_3' (global)
[2026-02-10 21:45:31] [I] [luastg] CreateSprite: 已从纹理 'enemy2' 创建图片精灵 'enemy15_4' (global)
[2026-02-10 21:45:31] [I] [luastg] CreateSprite: 已从纹理 'enemy2' 创建图片精灵 'enemy15_5' (global)
[2026-02-10 21:45:31] [I] [luastg] CreateSprite: 已从纹理 'enemy2' 创建图片精灵 'enemy15_6' (global)
[2026-02-10 21:45:31] [I] [luastg] CreateSprite: 已从纹理 'enemy2' 创建图片精灵 'enemy15_7' (global)
[2026-02-10 21:45:31] [I] [luastg] CreateSprite: 已从纹理 'enemy2' 创建图片精灵 'enemy15_8' (global)
[2026-02-10 21:45:31] [I] [luastg] CreateSprite: 已从纹理 'enemy2' 创建图片精灵 'enemy15_9' (global)
[2026-02-10 21:45:31] [I] [luastg] CreateSprite: 已从纹理 'enemy2' 创建图片精灵 'enemy15_10' (global)
[2026-02-10 21:45:31] [I] [luastg] CreateSprite: 已从纹理 'enemy2' 创建图片精灵 'enemy15_11' (global)
[2026-02-10 21:45:31] [I] [luastg] CreateSprite: 已从纹理 'enemy2' 创建图片精灵 'enemy15_12' (global)
[2026-02-10 21:45:31] [I] [luastg] CreateSprite: 已从纹理 'enemy2' 创建图片精灵 'enemy16_1' (global)
[2026-02-10 21:45:31] [I] [luastg] CreateSprite: 已从纹理 'enemy2' 创建图片精灵 'enemy16_2' (global)
[2026-02-10 21:45:31] [I] [luastg] CreateSprite: 已从纹理 'enemy2' 创建图片精灵 'enemy16_3' (global)
[2026-02-10 21:45:31] [I] [luastg] CreateSprite: 已从纹理 'enemy2' 创建图片精灵 'enemy16_4' (global)
[2026-02-10 21:45:31] [I] [luastg] CreateSprite: 已从纹理 'enemy2' 创建图片精灵 'enemy16_5' (global)
[2026-02-10 21:45:31] [I] [luastg] CreateSprite: 已从纹理 'enemy2' 创建图片精灵 'enemy16_6' (global)
[2026-02-10 21:45:31] [I] [luastg] CreateSprite: 已从纹理 'enemy2' 创建图片精灵 'enemy16_7' (global)
[2026-02-10 21:45:31] [I] [luastg] CreateSprite: 已从纹理 'enemy2' 创建图片精灵 'enemy16_8' (global)
[2026-02-10 21:45:31] [I] [luastg] CreateSprite: 已从纹理 'enemy2' 创建图片精灵 'enemy16_9' (global)
[2026-02-10 21:45:31] [I] [luastg] CreateSprite: 已从纹理 'enemy2' 创建图片精灵 'enemy16_10' (global)
[2026-02-10 21:45:31] [I] [luastg] CreateSprite: 已从纹理 'enemy2' 创建图片精灵 'enemy16_11' (global)
[2026-02-10 21:45:31] [I] [luastg] CreateSprite: 已从纹理 'enemy2' 创建图片精灵 'enemy16_12' (global)
[2026-02-10 21:45:31] [I] [luastg] CreateSprite: 已从纹理 'enemy2' 创建图片精灵 'enemy17_1' (global)
[2026-02-10 21:45:31] [I] [luastg] CreateSprite: 已从纹理 'enemy2' 创建图片精灵 'enemy17_2' (global)
[2026-02-10 21:45:31] [I] [luastg] CreateSprite: 已从纹理 'enemy2' 创建图片精灵 'enemy17_3' (global)
[2026-02-10 21:45:31] [I] [luastg] CreateSprite: 已从纹理 'enemy2' 创建图片精灵 'enemy17_4' (global)
[2026-02-10 21:45:31] [I] [luastg] CreateSprite: 已从纹理 'enemy2' 创建图片精灵 'enemy17_5' (global)
[2026-02-10 21:45:31] [I] [luastg] CreateSprite: 已从纹理 'enemy2' 创建图片精灵 'enemy17_6' (global)
[2026-02-10 21:45:31] [I] [luastg] CreateSprite: 已从纹理 'enemy2' 创建图片精灵 'enemy17_7' (global)
[2026-02-10 21:45:31] [I] [luastg] CreateSprite: 已从纹理 'enemy2' 创建图片精灵 'enemy17_8' (global)
[2026-02-10 21:45:31] [I] [luastg] CreateSprite: 已从纹理 'enemy2' 创建图片精灵 'enemy17_9' (global)
[2026-02-10 21:45:31] [I] [luastg] CreateSprite: 已从纹理 'enemy2' 创建图片精灵 'enemy17_10' (global)
[2026-02-10 21:45:31] [I] [luastg] CreateSprite: 已从纹理 'enemy2' 创建图片精灵 'enemy17_11' (global)
[2026-02-10 21:45:31] [I] [luastg] CreateSprite: 已从纹理 'enemy2' 创建图片精灵 'enemy17_12' (global)
[2026-02-10 21:45:31] [I] [luastg] CreateSprite: 已从纹理 'enemy2' 创建图片精灵 'enemy18_1' (global)
[2026-02-10 21:45:31] [I] [luastg] CreateSprite: 已从纹理 'enemy2' 创建图片精灵 'enemy18_2' (global)
[2026-02-10 21:45:31] [I] [luastg] CreateSprite: 已从纹理 'enemy2' 创建图片精灵 'enemy18_3' (global)
[2026-02-10 21:45:31] [I] [luastg] CreateSprite: 已从纹理 'enemy2' 创建图片精灵 'enemy18_4' (global)
[2026-02-10 21:45:31] [I] [luastg] CreateSprite: 已从纹理 'enemy2' 创建图片精灵 'enemy18_5' (global)
[2026-02-10 21:45:31] [I] [luastg] CreateSprite: 已从纹理 'enemy2' 创建图片精灵 'enemy18_6' (global)
[2026-02-10 21:45:31] [I] [luastg] CreateSprite: 已从纹理 'enemy2' 创建图片精灵 'enemy18_7' (global)
[2026-02-10 21:45:31] [I] [luastg] CreateSprite: 已从纹理 'enemy2' 创建图片精灵 'enemy18_8' (global)
[2026-02-10 21:45:31] [I] [luastg] CreateSprite: 已从纹理 'enemy2' 创建图片精灵 'enemy18_9' (global)
[2026-02-10 21:45:31] [I] [luastg] CreateSprite: 已从纹理 'enemy2' 创建图片精灵 'enemy18_10' (global)
[2026-02-10 21:45:31] [I] [luastg] CreateSprite: 已从纹理 'enemy2' 创建图片精灵 'enemy18_11' (global)
[2026-02-10 21:45:31] [I] [luastg] CreateSprite: 已从纹理 'enemy2' 创建图片精灵 'enemy18_12' (global)
[2026-02-10 21:45:31] [I] [luastg] LoadParticle: 已从 'THlib/enemy/ghost_fire_r.psi' 创建粒子特效 'ghost_fire_r' (global)
[2026-02-10 21:45:31] [I] [luastg] LoadParticle: 已从 'THlib/enemy/ghost_fire_b.psi' 创建粒子特效 'ghost_fire_b' (global)
[2026-02-10 21:45:31] [I] [luastg] LoadParticle: 已从 'THlib/enemy/ghost_fire_g.psi' 创建粒子特效 'ghost_fire_g' (global)
[2026-02-10 21:45:31] [I] [luastg] LoadParticle: 已从 'THlib/enemy/ghost_fire_y.psi' 创建粒子特效 'ghost_fire_y' (global)
[2026-02-10 21:45:31] [I] [luastg] LoadTexture: 已从 'THlib/enemy/enemy3.png' 加载纹理 'enemy3' (global)
[2026-02-10 21:45:31] [I] [luastg] CreateSprite: 已从纹理 'enemy3' 创建图片精灵 'Ghost11' (global)
[2026-02-10 21:45:31] [I] [luastg] CreateSprite: 已从纹理 'enemy3' 创建图片精灵 'Ghost12' (global)
[2026-02-10 21:45:31] [I] [luastg] CreateSprite: 已从纹理 'enemy3' 创建图片精灵 'Ghost13' (global)
[2026-02-10 21:45:31] [I] [luastg] CreateSprite: 已从纹理 'enemy3' 创建图片精灵 'Ghost14' (global)
[2026-02-10 21:45:31] [I] [luastg] CreateSprite: 已从纹理 'enemy3' 创建图片精灵 'Ghost15' (global)
[2026-02-10 21:45:31] [I] [luastg] CreateSprite: 已从纹理 'enemy3' 创建图片精灵 'Ghost16' (global)
[2026-02-10 21:45:31] [I] [luastg] CreateSprite: 已从纹理 'enemy3' 创建图片精灵 'Ghost17' (global)
[2026-02-10 21:45:31] [I] [luastg] CreateSprite: 已从纹理 'enemy3' 创建图片精灵 'Ghost18' (global)
[2026-02-10 21:45:31] [I] [luastg] CreateSprite: 已从纹理 'enemy3' 创建图片精灵 'Ghost31' (global)
[2026-02-10 21:45:31] [I] [luastg] CreateSprite: 已从纹理 'enemy3' 创建图片精灵 'Ghost32' (global)
[2026-02-10 21:45:31] [I] [luastg] CreateSprite: 已从纹理 'enemy3' 创建图片精灵 'Ghost33' (global)
[2026-02-10 21:45:31] [I] [luastg] CreateSprite: 已从纹理 'enemy3' 创建图片精灵 'Ghost34' (global)
[2026-02-10 21:45:31] [I] [luastg] CreateSprite: 已从纹理 'enemy3' 创建图片精灵 'Ghost35' (global)
[2026-02-10 21:45:31] [I] [luastg] CreateSprite: 已从纹理 'enemy3' 创建图片精灵 'Ghost36' (global)
[2026-02-10 21:45:31] [I] [luastg] CreateSprite: 已从纹理 'enemy3' 创建图片精灵 'Ghost37' (global)
[2026-02-10 21:45:31] [I] [luastg] CreateSprite: 已从纹理 'enemy3' 创建图片精灵 'Ghost38' (global)
[2026-02-10 21:45:31] [I] [luastg] CreateSprite: 已从纹理 'enemy3' 创建图片精灵 'Ghost21' (global)
[2026-02-10 21:45:31] [I] [luastg] CreateSprite: 已从纹理 'enemy3' 创建图片精灵 'Ghost22' (global)
[2026-02-10 21:45:31] [I] [luastg] CreateSprite: 已从纹理 'enemy3' 创建图片精灵 'Ghost23' (global)
[2026-02-10 21:45:31] [I] [luastg] CreateSprite: 已从纹理 'enemy3' 创建图片精灵 'Ghost24' (global)
[2026-02-10 21:45:31] [I] [luastg] CreateSprite: 已从纹理 'enemy3' 创建图片精灵 'Ghost25' (global)
[2026-02-10 21:45:31] [I] [luastg] CreateSprite: 已从纹理 'enemy3' 创建图片精灵 'Ghost26' (global)
[2026-02-10 21:45:31] [I] [luastg] CreateSprite: 已从纹理 'enemy3' 创建图片精灵 'Ghost27' (global)
[2026-02-10 21:45:31] [I] [luastg] CreateSprite: 已从纹理 'enemy3' 创建图片精灵 'Ghost28' (global)
[2026-02-10 21:45:31] [I] [luastg] CreateSprite: 已从纹理 'enemy3' 创建图片精灵 'Ghost41' (global)
[2026-02-10 21:45:31] [I] [luastg] CreateSprite: 已从纹理 'enemy3' 创建图片精灵 'Ghost42' (global)
[2026-02-10 21:45:31] [I] [luastg] CreateSprite: 已从纹理 'enemy3' 创建图片精灵 'Ghost43' (global)
[2026-02-10 21:45:31] [I] [luastg] CreateSprite: 已从纹理 'enemy3' 创建图片精灵 'Ghost44' (global)
[2026-02-10 21:45:31] [I] [luastg] CreateSprite: 已从纹理 'enemy3' 创建图片精灵 'Ghost45' (global)
[2026-02-10 21:45:31] [I] [luastg] CreateSprite: 已从纹理 'enemy3' 创建图片精灵 'Ghost46' (global)
[2026-02-10 21:45:31] [I] [luastg] CreateSprite: 已从纹理 'enemy3' 创建图片精灵 'Ghost47' (global)
[2026-02-10 21:45:31] [I] [luastg] CreateSprite: 已从纹理 'enemy3' 创建图片精灵 'Ghost48' (global)
[2026-02-10 21:45:31] [I] [luastg] 加载脚本'THlib/enemy/boss.lua'
[2026-02-10 21:45:31] [I] [luastg] LoadTexture: 已从 'THlib/enemy/boss.png' 加载纹理 'boss' (global)
[2026-02-10 21:45:31] [I] [luastg] CreateSprite: 已从纹理 'boss' 创建图片精灵 'bossring11' (global)
[2026-02-10 21:45:31] [I] [luastg] CreateSprite: 已从纹理 'boss' 创建图片精灵 'bossring12' (global)
[2026-02-10 21:45:31] [I] [luastg] CreateSprite: 已从纹理 'boss' 创建图片精灵 'bossring13' (global)
[2026-02-10 21:45:31] [I] [luastg] CreateSprite: 已从纹理 'boss' 创建图片精灵 'bossring14' (global)
[2026-02-10 21:45:31] [I] [luastg] CreateSprite: 已从纹理 'boss' 创建图片精灵 'bossring15' (global)
[2026-02-10 21:45:31] [I] [luastg] CreateSprite: 已从纹理 'boss' 创建图片精灵 'bossring16' (global)
[2026-02-10 21:45:31] [I] [luastg] CreateSprite: 已从纹理 'boss' 创建图片精灵 'bossring17' (global)
[2026-02-10 21:45:31] [I] [luastg] CreateSprite: 已从纹理 'boss' 创建图片精灵 'bossring18' (global)
[2026-02-10 21:45:31] [I] [luastg] CreateSprite: 已从纹理 'boss' 创建图片精灵 'bossring19' (global)
[2026-02-10 21:45:31] [I] [luastg] CreateSprite: 已从纹理 'boss' 创建图片精灵 'bossring110' (global)
[2026-02-10 21:45:31] [I] [luastg] CreateSprite: 已从纹理 'boss' 创建图片精灵 'bossring111' (global)
[2026-02-10 21:45:31] [I] [luastg] CreateSprite: 已从纹理 'boss' 创建图片精灵 'bossring112' (global)
[2026-02-10 21:45:31] [I] [luastg] CreateSprite: 已从纹理 'boss' 创建图片精灵 'bossring113' (global)
[2026-02-10 21:45:31] [I] [luastg] CreateSprite: 已从纹理 'boss' 创建图片精灵 'bossring114' (global)
[2026-02-10 21:45:31] [I] [luastg] CreateSprite: 已从纹理 'boss' 创建图片精灵 'bossring115' (global)
[2026-02-10 21:45:31] [I] [luastg] CreateSprite: 已从纹理 'boss' 创建图片精灵 'bossring116' (global)
[2026-02-10 21:45:31] [I] [luastg] CreateSprite: 已从纹理 'boss' 创建图片精灵 'bossring21' (global)
[2026-02-10 21:45:31] [I] [luastg] CreateSprite: 已从纹理 'boss' 创建图片精灵 'bossring22' (global)
[2026-02-10 21:45:31] [I] [luastg] CreateSprite: 已从纹理 'boss' 创建图片精灵 'bossring23' (global)
[2026-02-10 21:45:31] [I] [luastg] CreateSprite: 已从纹理 'boss' 创建图片精灵 'bossring24' (global)
[2026-02-10 21:45:31] [I] [luastg] CreateSprite: 已从纹理 'boss' 创建图片精灵 'bossring25' (global)
[2026-02-10 21:45:31] [I] [luastg] CreateSprite: 已从纹理 'boss' 创建图片精灵 'bossring26' (global)
[2026-02-10 21:45:31] [I] [luastg] CreateSprite: 已从纹理 'boss' 创建图片精灵 'bossring27' (global)
[2026-02-10 21:45:31] [I] [luastg] CreateSprite: 已从纹理 'boss' 创建图片精灵 'bossring28' (global)
[2026-02-10 21:45:31] [I] [luastg] CreateSprite: 已从纹理 'boss' 创建图片精灵 'bossring29' (global)
[2026-02-10 21:45:31] [I] [luastg] CreateSprite: 已从纹理 'boss' 创建图片精灵 'bossring210' (global)
[2026-02-10 21:45:31] [I] [luastg] CreateSprite: 已从纹理 'boss' 创建图片精灵 'bossring211' (global)
[2026-02-10 21:45:31] [I] [luastg] CreateSprite: 已从纹理 'boss' 创建图片精灵 'bossring212' (global)
[2026-02-10 21:45:31] [I] [luastg] CreateSprite: 已从纹理 'boss' 创建图片精灵 'bossring213' (global)
[2026-02-10 21:45:31] [I] [luastg] CreateSprite: 已从纹理 'boss' 创建图片精灵 'bossring214' (global)
[2026-02-10 21:45:31] [I] [luastg] CreateSprite: 已从纹理 'boss' 创建图片精灵 'bossring215' (global)
[2026-02-10 21:45:31] [I] [luastg] CreateSprite: 已从纹理 'boss' 创建图片精灵 'bossring216' (global)
[2026-02-10 21:45:31] [I] [luastg] CreateSprite: 已从纹理 'boss' 创建图片精灵 'spell_card_ef' (global)
[2026-02-10 21:45:31] [I] [luastg] CreateSprite: 已从纹理 'boss' 创建图片精灵 'hpbar' (global)
[2026-02-10 21:45:31] [I] [luastg] CreateSprite: 已从纹理 'boss' 创建图片精灵 'hpbar2' (global)
[2026-02-10 21:45:31] [I] [luastg] LoadTexture: 已从 'THlib/enemy/undefined.png' 加载纹理 'undefined' (global)
[2026-02-10 21:45:31] [I] [luastg] CreateSprite: 已从纹理 'undefined' 创建图片精灵 'undefined' (global)
[2026-02-10 21:45:31] [I] [luastg] LoadTexture: 已从 'THlib/enemy/ring00.png' 加载纹理 'base_hp' (global)
[2026-02-10 21:45:31] [I] [luastg] CreateSprite: 已从纹理 'base_hp' 创建图片精灵 'base_hp' (global)
[2026-02-10 21:45:31] [I] [luastg] LoadTexture: 已从 'THlib/enemy/lifebar.png' 加载纹理 'lifebar' (global)
[2026-02-10 21:45:31] [I] [luastg] CreateSprite: 已从纹理 'lifebar' 创建图片精灵 'life_node' (global)
[2026-02-10 21:45:31] [I] [luastg] CreateSprite: 已从纹理 'lifebar' 创建图片精灵 'hpbar1' (global)
[2026-02-10 21:45:31] [I] [luastg] LoadTexture: 已从 'THlib/enemy/eff_magicsquare.png' 加载纹理 'magicsquare' (global)
[2026-02-10 21:45:31] [I] [luastg] CreateSprite: 已从纹理 'magicsquare' 创建图片精灵 'boss_aura_3D1' (global)
[2026-02-10 21:45:31] [I] [luastg] CreateSprite: 已从纹理 'magicsquare' 创建图片精灵 'boss_aura_3D2' (global)
[2026-02-10 21:45:31] [I] [luastg] CreateSprite: 已从纹理 'magicsquare' 创建图片精灵 'boss_aura_3D3' (global)
[2026-02-10 21:45:31] [I] [luastg] CreateSprite: 已从纹理 'magicsquare' 创建图片精灵 'boss_aura_3D4' (global)
[2026-02-10 21:45:31] [I] [luastg] CreateSprite: 已从纹理 'magicsquare' 创建图片精灵 'boss_aura_3D5' (global)
[2026-02-10 21:45:31] [I] [luastg] CreateSprite: 已从纹理 'magicsquare' 创建图片精灵 'boss_aura_3D6' (global)
[2026-02-10 21:45:31] [I] [luastg] CreateSprite: 已从纹理 'magicsquare' 创建图片精灵 'boss_aura_3D7' (global)
[2026-02-10 21:45:31] [I] [luastg] CreateSprite: 已从纹理 'magicsquare' 创建图片精灵 'boss_aura_3D8' (global)
[2026-02-10 21:45:31] [I] [luastg] CreateSprite: 已从纹理 'magicsquare' 创建图片精灵 'boss_aura_3D9' (global)
[2026-02-10 21:45:31] [I] [luastg] CreateSprite: 已从纹理 'magicsquare' 创建图片精灵 'boss_aura_3D10' (global)
[2026-02-10 21:45:31] [I] [luastg] CreateSprite: 已从纹理 'magicsquare' 创建图片精灵 'boss_aura_3D11' (global)
[2026-02-10 21:45:31] [I] [luastg] CreateSprite: 已从纹理 'magicsquare' 创建图片精灵 'boss_aura_3D12' (global)
[2026-02-10 21:45:31] [I] [luastg] CreateSprite: 已从纹理 'magicsquare' 创建图片精灵 'boss_aura_3D13' (global)
[2026-02-10 21:45:31] [I] [luastg] CreateSprite: 已从纹理 'magicsquare' 创建图片精灵 'boss_aura_3D14' (global)
[2026-02-10 21:45:31] [I] [luastg] CreateSprite: 已从纹理 'magicsquare' 创建图片精灵 'boss_aura_3D15' (global)
[2026-02-10 21:45:31] [I] [luastg] CreateSprite: 已从纹理 'magicsquare' 创建图片精灵 'boss_aura_3D16' (global)
[2026-02-10 21:45:31] [I] [luastg] CreateSprite: 已从纹理 'magicsquare' 创建图片精灵 'boss_aura_3D17' (global)
[2026-02-10 21:45:31] [I] [luastg] CreateSprite: 已从纹理 'magicsquare' 创建图片精灵 'boss_aura_3D18' (global)
[2026-02-10 21:45:31] [I] [luastg] CreateSprite: 已从纹理 'magicsquare' 创建图片精灵 'boss_aura_3D19' (global)
[2026-02-10 21:45:31] [I] [luastg] CreateSprite: 已从纹理 'magicsquare' 创建图片精灵 'boss_aura_3D20' (global)
[2026-02-10 21:45:31] [I] [luastg] CreateSprite: 已从纹理 'magicsquare' 创建图片精灵 'boss_aura_3D21' (global)
[2026-02-10 21:45:31] [I] [luastg] CreateSprite: 已从纹理 'magicsquare' 创建图片精灵 'boss_aura_3D22' (global)
[2026-02-10 21:45:31] [I] [luastg] CreateSprite: 已从纹理 'magicsquare' 创建图片精灵 'boss_aura_3D23' (global)
[2026-02-10 21:45:31] [I] [luastg] CreateSprite: 已从纹理 'magicsquare' 创建图片精灵 'boss_aura_3D24' (global)
[2026-02-10 21:45:31] [I] [luastg] CreateSprite: 已从纹理 'magicsquare' 创建图片精灵 'boss_aura_3D25' (global)
[2026-02-10 21:45:31] [I] [luastg] LoadTexture: 已从 'THlib/enemy/dialog_box.png' 加载纹理 'dialog_box' (global)
[2026-02-10 21:45:31] [I] [luastg] CreateSprite: 已从纹理 'dialog_box' 创建图片精灵 'dialog_box' (global)
[2026-02-10 21:45:31] [I] [luastg] LoadTexture: 已从 'THlib/enemy/timesign.png' 加载纹理 'timesign' (global)
[2026-02-10 21:45:31] [I] [luastg] CreateSprite: 已从纹理 'timesign' 创建图片精灵 'hint.killtimer' (global)
[2026-02-10 21:45:31] [I] [luastg] CreateSprite: 已从纹理 'timesign' 创建图片精灵 'hint.truetimer' (global)
[2026-02-10 21:45:31] [I] [luastg] LoadSpriteFont: 已从 'THlib/enemy/bonus2.fnt' 加载 HGE 纹理字体 'bonus2' (global)
[2026-02-10 21:45:31] [I] [luastg] LoadTexture: 已从 'THlib/enemy/scname_sign.png' 加载纹理 'scname_sign' (global)
[2026-02-10 21:45:31] [I] [luastg] CreateSprite: 已从纹理 'scname_sign' 创建图片精灵 'cardui_history' (global)
[2026-02-10 21:45:31] [I] [luastg] CreateSprite: 已从纹理 'scname_sign' 创建图片精灵 'cardui_bonus' (global)
[2026-02-10 21:45:31] [I] [luastg] LoadTexture: 已从 'THlib/enemy/sc_his_stage.png' 加载纹理 'sc_his_stage' (global)
[2026-02-10 21:45:31] [I] [luastg] CreateSprite: 已从纹理 'sc_his_stage' 创建图片精灵 'sc_failed' (global)
[2026-02-10 21:45:31] [I] [luastg] CreateSprite: 已从纹理 'sc_his_stage' 创建图片精灵 'sc_master' (global)
[2026-02-10 21:45:31] [I] [luastg] LoadTexture: 已从 'THlib/enemy/boss_cardleft.png' 加载纹理 'boss_cardleft' (global)
[2026-02-10 21:45:31] [I] [luastg] CreateSprite: 已从纹理 'boss_cardleft' 创建图片精灵 'boss_cardleft' (global)
[2026-02-10 21:45:31] [I] [luastg] LoadTexture: 已从 'THlib/enemy/shockwave.png' 加载纹理 'boss_shockwave' (global)
[2026-02-10 21:45:31] [I] [luastg] CreateSprite: 已从纹理 'boss_shockwave' 创建图片精灵 'boss_shockwave' (global)
[2026-02-10 21:45:31] [I] [luastg] LoadTexture: 已从 'THlib/enemy/Cherry.png' 加载纹理 'boss_Cherry' (global)
[2026-02-10 21:45:31] [I] [luastg] CreateSprite: 已从纹理 'boss_Cherry' 创建图片精灵 'boss_Cherry' (global)
[2026-02-10 21:45:31] [I] [luastg] LoadTexture: 已从 'THlib/enemy/eff_cnlight.png' 加载纹理 'boss_light' (global)
[2026-02-10 21:45:31] [I] [luastg] CreateSprite: 已从纹理 'boss_light' 创建图片精灵 'boss_light' (global)
[2026-02-10 21:45:31] [I] [luastg] LoadTexture: 已从 'THlib/enemy/dialog_balloon.png' 加载纹理 'dialog_balloon' (global)
[2026-02-10 21:45:31] [I] [luastg] CreateSprite: 已从纹理 'dialog_balloon' 创建图片精灵 'balloonHead1' (global)
[2026-02-10 21:45:31] [I] [luastg] CreateSprite: 已从纹理 'dialog_balloon' 创建图片精灵 'balloonBody1' (global)
[2026-02-10 21:45:31] [I] [luastg] CreateSprite: 已从纹理 'dialog_balloon' 创建图片精灵 'balloonTail1' (global)
[2026-02-10 21:45:31] [I] [luastg] CreateSprite: 已从纹理 'dialog_balloon' 创建图片精灵 'balloonHead2' (global)
[2026-02-10 21:45:31] [I] [luastg] CreateSprite: 已从纹理 'dialog_balloon' 创建图片精灵 'balloonBody2' (global)
[2026-02-10 21:45:31] [I] [luastg] CreateSprite: 已从纹理 'dialog_balloon' 创建图片精灵 'balloonTail2' (global)
[2026-02-10 21:45:31] [I] [luastg] CreateSprite: 已从纹理 'dialog_balloon' 创建图片精灵 'balloonHead3' (global)
[2026-02-10 21:45:31] [I] [luastg] CreateSprite: 已从纹理 'dialog_balloon' 创建图片精灵 'balloonBody3' (global)
[2026-02-10 21:45:31] [I] [luastg] CreateSprite: 已从纹理 'dialog_balloon' 创建图片精灵 'balloonTail3' (global)
[2026-02-10 21:45:31] [I] [luastg] CreateSprite: 已从纹理 'dialog_balloon' 创建图片精灵 'balloonHead4' (global)
[2026-02-10 21:45:31] [I] [luastg] CreateSprite: 已从纹理 'dialog_balloon' 创建图片精灵 'balloonBody4' (global)
[2026-02-10 21:45:31] [I] [luastg] CreateSprite: 已从纹理 'dialog_balloon' 创建图片精灵 'balloonTail4' (global)
[2026-02-10 21:45:31] [I] [luastg] CreateSprite: 已从纹理 'dialog_balloon' 创建图片精灵 'balloonHead5' (global)
[2026-02-10 21:45:31] [I] [luastg] CreateSprite: 已从纹理 'dialog_balloon' 创建图片精灵 'balloonBody5' (global)
[2026-02-10 21:45:31] [I] [luastg] CreateSprite: 已从纹理 'dialog_balloon' 创建图片精灵 'balloonTail5' (global)
[2026-02-10 21:45:31] [I] [luastg] CreateSprite: 已从纹理 'dialog_balloon' 创建图片精灵 'balloonHead6' (global)
[2026-02-10 21:45:31] [I] [luastg] CreateSprite: 已从纹理 'dialog_balloon' 创建图片精灵 'balloonBody6' (global)
[2026-02-10 21:45:31] [I] [luastg] CreateSprite: 已从纹理 'dialog_balloon' 创建图片精灵 'balloonTail6' (global)
[2026-02-10 21:45:31] [I] [luastg] CreateSprite: 已从纹理 'dialog_balloon' 创建图片精灵 'balloonHead7' (global)
[2026-02-10 21:45:31] [I] [luastg] CreateSprite: 已从纹理 'dialog_balloon' 创建图片精灵 'balloonBody7' (global)
[2026-02-10 21:45:31] [I] [luastg] CreateSprite: 已从纹理 'dialog_balloon' 创建图片精灵 'balloonTail7' (global)
[2026-02-10 21:45:31] [I] [luastg] CreateSprite: 已从纹理 'dialog_balloon' 创建图片精灵 'balloonHead8' (global)
[2026-02-10 21:45:31] [I] [luastg] CreateSprite: 已从纹理 'dialog_balloon' 创建图片精灵 'balloonBody8' (global)
[2026-02-10 21:45:31] [I] [luastg] CreateSprite: 已从纹理 'dialog_balloon' 创建图片精灵 'balloonTail8' (global)
[2026-02-10 21:45:31] [I] [luastg] LoadTTFFont: 已从 'assets/font/wqy-microhei-mono.ttf' 加载矢量字体 'balloon_font' (global)
[2026-02-10 21:45:31] [I] [luastg] 加载脚本'THlib/enemy/boss_system.lua'
[2026-02-10 21:45:31] [I] [luastg] 加载脚本'THlib/enemy/boss_function.lua'
[2026-02-10 21:45:31] [I] [luastg] 加载脚本'THlib/enemy/boss_card.lua'
[2026-02-10 21:45:31] [I] [luastg] 加载脚本'THlib/enemy/boss_dialog.lua'
[2026-02-10 21:45:31] [I] [luastg] 加载脚本'THlib/enemy/boss_other.lua'
[2026-02-10 21:45:31] [I] [luastg] 加载脚本'THlib/enemy/boss_ui.lua'
[2026-02-10 21:45:31] [I] [luastg] 加载脚本'THlib/bullet/bullet.lua'
[2026-02-10 21:45:31] [I] [luastg] 加载脚本'THlib/bullet/bullet_style_loader.lua'
[2026-02-10 21:45:31] [I] [luastg] 读取文本文件'assets/cake/bullet/generated/bullet_atlas.json'
[2026-02-10 21:45:31] [E] [luastg] 无法加载文件'assets/cake/bullet/generated/bullet_atlas.json'
[2026-02-10 21:45:31] [E] [luajit] 调用全局函数'FrameFunc'时出错：[string "THlib/bullet/bullet_style_loader.lua"]:145: load bullet definitions from 'assets/cake/bullet/generated/bullet_atlas.json' failed, read file failed
stack traceback:
	[C]: in function 'assert'
	[string "THlib/bullet/bullet_style_loader.lua"]:145: in function 'loadBulletDefinitions'
	[string "THlib/bullet/bullet_style_loader.lua"]:278: in main chunk
	[C]: in function 'DoFile'
	[string "lib/Lresources.lua"]:25: in function 'Include'
	[string "THlib/THlib.lua"]:20: in main chunk
	[C]: in function 'DoFile'
	[string "lib/Lresources.lua"]:25: in function 'Include'
	[string "THlib.lua"]:5: in main chunk
	[C]: in function 'DoFile'
	[string "lib/Lresources.lua"]:25: in function 'Include'
	[string "root.lua"]:1: in main chunk
	[C]: in function 'DoFile'
	[string "lib/Lresources.lua"]:25: in function 'Include'
	[string "launcher.lua"]:1685: in function 'onCreate'
	[string "foundation/SceneManager.lua"]:61: in function 'update'
	[string "foundation/MainLoop.lua"]:14: in function <[string "foundation/MainLoop.lua"]:12>
[2026-02-10 21:45:37] [I] [luastg] 结束更新&渲染循环
